The system is: Darwin - 17.2.0 - x86_64
Compiling the C compiler identification source file "CMakeCCompilerId.c" succeeded.
Compiler: /usr/bin/gcc 
Build flags: 
Id flags:  

The output was:
0


Compilation of the C compiler identification source "CMakeCCompilerId.c" produced "a.out"

The C compiler identification is AppleClang, found in "/Users/artem/Documents/диплом/dlib/dlib-19.10/build-examples-Desktop-u041fu043e u0443u043cu043eu043bu0447u0430u043du0438u044e/CMakeFiles/3.11.1/CompilerIdC/a.out"

Compiling the CXX compiler identification source file "CMakeCXXCompilerId.cpp" succeeded.
Compiler: /usr/bin/g++ 
Build flags: 
Id flags:  

The output was:
0


Compilation of the CXX compiler identification source "CMakeCXXCompilerId.cpp" produced "a.out"

The CXX compiler identification is AppleClang, found in "/Users/artem/Documents/диплом/dlib/dlib-19.10/build-examples-Desktop-u041fu043e u0443u043cu043eu043bu0447u0430u043du0438u044e/CMakeFiles/3.11.1/CompilerIdCXX/a.out"

Determining if the C compiler works passed with the following output:
Change Dir: /Users/artem/Documents/диплом/dlib/dlib-19.10/build-examples-Desktop-u041fu043e u0443u043cu043eu043bu0447u0430u043du0438u044e/CMakeFiles/CMakeTmp

Run Build Command:"/usr/bin/make" "cmTC_b2328/fast"
/Applications/Xcode.app/Contents/Developer/usr/bin/make -f CMakeFiles/cmTC_b2328.dir/build.make CMakeFiles/cmTC_b2328.dir/build
Building C object CMakeFiles/cmTC_b2328.dir/testCCompiler.c.o
/usr/bin/gcc    -o CMakeFiles/cmTC_b2328.dir/testCCompiler.c.o   -c "/Users/artem/Documents/диплом/dlib/dlib-19.10/build-examples-Desktop-u041fu043e u0443u043cu043eu043bu0447u0430u043du0438u044e/CMakeFiles/CMakeTmp/testCCompiler.c"
Linking C executable cmTC_b2328
/usr/local/Cellar/cmake/3.11.1/bin/cmake -E cmake_link_script CMakeFiles/cmTC_b2328.dir/link.txt --verbose=1
/usr/bin/gcc   -Wl,-search_paths_first -Wl,-headerpad_max_install_names   CMakeFiles/cmTC_b2328.dir/testCCompiler.c.o  -o cmTC_b2328 


Detecting C compiler ABI info compiled with the following output:
Change Dir: /Users/artem/Documents/диплом/dlib/dlib-19.10/build-examples-Desktop-u041fu043e u0443u043cu043eu043bu0447u0430u043du0438u044e/CMakeFiles/CMakeTmp

Run Build Command:"/usr/bin/make" "cmTC_5f5ff/fast"
/Applications/Xcode.app/Contents/Developer/usr/bin/make -f CMakeFiles/cmTC_5f5ff.dir/build.make CMakeFiles/cmTC_5f5ff.dir/build
Building C object CMakeFiles/cmTC_5f5ff.dir/CMakeCCompilerABI.c.o
/usr/bin/gcc    -o CMakeFiles/cmTC_5f5ff.dir/CMakeCCompilerABI.c.o   -c /usr/local/Cellar/cmake/3.11.1/share/cmake/Modules/CMakeCCompilerABI.c
Linking C executable cmTC_5f5ff
/usr/local/Cellar/cmake/3.11.1/bin/cmake -E cmake_link_script CMakeFiles/cmTC_5f5ff.dir/link.txt --verbose=1
/usr/bin/gcc   -Wl,-search_paths_first -Wl,-headerpad_max_install_names  -v -Wl,-v CMakeFiles/cmTC_5f5ff.dir/CMakeCCompilerABI.c.o  -o cmTC_5f5ff 
Apple LLVM version 9.0.0 (clang-900.0.39.2)
Target: x86_64-apple-darwin17.2.0
Thread model: posix
InstalledDir: /Applications/Xcode.app/Contents/Developer/Toolchains/XcodeDefault.xctoolchain/usr/bin
 "/Applications/Xcode.app/Contents/Developer/Toolchains/XcodeDefault.xctoolchain/usr/bin/ld" -demangle -lto_library /Applications/Xcode.app/Contents/Developer/Toolchains/XcodeDefault.xctoolchain/usr/lib/libLTO.dylib -dynamic -arch x86_64 -macosx_version_min 10.13.0 -o cmTC_5f5ff -search_paths_first -headerpad_max_install_names -v CMakeFiles/cmTC_5f5ff.dir/CMakeCCompilerABI.c.o -lSystem /Applications/Xcode.app/Contents/Developer/Toolchains/XcodeDefault.xctoolchain/usr/lib/clang/9.0.0/lib/darwin/libclang_rt.osx.a
@(#)PROGRAM:ld  PROJECT:ld64-305
configured to support archs: armv6 armv7 armv7s arm64 i386 x86_64 x86_64h armv6m armv7k armv7m armv7em (tvOS)
Library search paths:
	/usr/lib
	/usr/local/lib
Framework search paths:
	/Library/Frameworks/
	/System/Library/Frameworks/


Parsed C implicit link information from above output:
  link line regex: [^( *|.*[/\])(ld|CMAKE_LINK_STARTFILE-NOTFOUND|([^/\]+-)?ld|collect2)[^/\]*( |$)]
  ignore line: [Change Dir: /Users/artem/Documents/диплом/dlib/dlib-19.10/build-examples-Desktop-u041fu043e u0443u043cu043eu043bu0447u0430u043du0438u044e/CMakeFiles/CMakeTmp]
  ignore line: []
  ignore line: [Run Build Command:"/usr/bin/make" "cmTC_5f5ff/fast"]
  ignore line: [/Applications/Xcode.app/Contents/Developer/usr/bin/make -f CMakeFiles/cmTC_5f5ff.dir/build.make CMakeFiles/cmTC_5f5ff.dir/build]
  ignore line: [Building C object CMakeFiles/cmTC_5f5ff.dir/CMakeCCompilerABI.c.o]
  ignore line: [/usr/bin/gcc    -o CMakeFiles/cmTC_5f5ff.dir/CMakeCCompilerABI.c.o   -c /usr/local/Cellar/cmake/3.11.1/share/cmake/Modules/CMakeCCompilerABI.c]
  ignore line: [Linking C executable cmTC_5f5ff]
  ignore line: [/usr/local/Cellar/cmake/3.11.1/bin/cmake -E cmake_link_script CMakeFiles/cmTC_5f5ff.dir/link.txt --verbose=1]
  ignore line: [/usr/bin/gcc   -Wl,-search_paths_first -Wl,-headerpad_max_install_names  -v -Wl,-v CMakeFiles/cmTC_5f5ff.dir/CMakeCCompilerABI.c.o  -o cmTC_5f5ff ]
  ignore line: [Apple LLVM version 9.0.0 (clang-900.0.39.2)]
  ignore line: [Target: x86_64-apple-darwin17.2.0]
  ignore line: [Thread model: posix]
  ignore line: [InstalledDir: /Applications/Xcode.app/Contents/Developer/Toolchains/XcodeDefault.xctoolchain/usr/bin]
  link line: [ "/Applications/Xcode.app/Contents/Developer/Toolchains/XcodeDefault.xctoolchain/usr/bin/ld" -demangle -lto_library /Applications/Xcode.app/Contents/Developer/Toolchains/XcodeDefault.xctoolchain/usr/lib/libLTO.dylib -dynamic -arch x86_64 -macosx_version_min 10.13.0 -o cmTC_5f5ff -search_paths_first -headerpad_max_install_names -v CMakeFiles/cmTC_5f5ff.dir/CMakeCCompilerABI.c.o -lSystem /Applications/Xcode.app/Contents/Developer/Toolchains/XcodeDefault.xctoolchain/usr/lib/clang/9.0.0/lib/darwin/libclang_rt.osx.a]
    arg [/Applications/Xcode.app/Contents/Developer/Toolchains/XcodeDefault.xctoolchain/usr/bin/ld] ==> ignore
    arg [-demangle] ==> ignore
    arg [-lto_library] ==> ignore, skip following value
    arg [/Applications/Xcode.app/Contents/Developer/Toolchains/XcodeDefault.xctoolchain/usr/lib/libLTO.dylib] ==> skip value of -lto_library
    arg [-dynamic] ==> ignore
    arg [-arch] ==> ignore
    arg [x86_64] ==> ignore
    arg [-macosx_version_min] ==> ignore
    arg [10.13.0] ==> ignore
    arg [-o] ==> ignore
    arg [cmTC_5f5ff] ==> ignore
    arg [-search_paths_first] ==> ignore
    arg [-headerpad_max_install_names] ==> ignore
    arg [-v] ==> ignore
    arg [CMakeFiles/cmTC_5f5ff.dir/CMakeCCompilerABI.c.o] ==> ignore
    arg [-lSystem] ==> lib [System]
    arg [/Applications/Xcode.app/Contents/Developer/Toolchains/XcodeDefault.xctoolchain/usr/lib/clang/9.0.0/lib/darwin/libclang_rt.osx.a] ==> lib [/Applications/Xcode.app/Contents/Developer/Toolchains/XcodeDefault.xctoolchain/usr/lib/clang/9.0.0/lib/darwin/libclang_rt.osx.a]
  Library search paths: [;/usr/lib;/usr/local/lib]
  Framework search paths: [;/Library/Frameworks/;/System/Library/Frameworks/]
  remove lib [System]
  remove lib [/Applications/Xcode.app/Contents/Developer/Toolchains/XcodeDefault.xctoolchain/usr/lib/clang/9.0.0/lib/darwin/libclang_rt.osx.a]
  collapse library dir [/usr/lib] ==> [/usr/lib]
  collapse library dir [/usr/local/lib] ==> [/usr/local/lib]
  collapse framework dir [/Library/Frameworks/] ==> [/Library/Frameworks]
  collapse framework dir [/System/Library/Frameworks/] ==> [/System/Library/Frameworks]
  implicit libs: []
  implicit dirs: [/usr/lib;/usr/local/lib]
  implicit fwks: [/Library/Frameworks;/System/Library/Frameworks]




Detecting C [-std=c11] compiler features compiled with the following output:
Change Dir: /Users/artem/Documents/диплом/dlib/dlib-19.10/build-examples-Desktop-u041fu043e u0443u043cu043eu043bu0447u0430u043du0438u044e/CMakeFiles/CMakeTmp

Run Build Command:"/usr/bin/make" "cmTC_4f4d8/fast"
/Applications/Xcode.app/Contents/Developer/usr/bin/make -f CMakeFiles/cmTC_4f4d8.dir/build.make CMakeFiles/cmTC_4f4d8.dir/build
Building C object CMakeFiles/cmTC_4f4d8.dir/feature_tests.c.o
/usr/bin/gcc   -std=c11 -o CMakeFiles/cmTC_4f4d8.dir/feature_tests.c.o   -c "/Users/artem/Documents/диплом/dlib/dlib-19.10/build-examples-Desktop-u041fu043e u0443u043cu043eu043bu0447u0430u043du0438u044e/CMakeFiles/feature_tests.c"
Linking C executable cmTC_4f4d8
/usr/local/Cellar/cmake/3.11.1/bin/cmake -E cmake_link_script CMakeFiles/cmTC_4f4d8.dir/link.txt --verbose=1
/usr/bin/gcc   -Wl,-search_paths_first -Wl,-headerpad_max_install_names   CMakeFiles/cmTC_4f4d8.dir/feature_tests.c.o  -o cmTC_4f4d8 


    Feature record: C_FEATURE:1c_function_prototypes
    Feature record: C_FEATURE:1c_restrict
    Feature record: C_FEATURE:1c_static_assert
    Feature record: C_FEATURE:1c_variadic_macros


Detecting C [-std=c99] compiler features compiled with the following output:
Change Dir: /Users/artem/Documents/диплом/dlib/dlib-19.10/build-examples-Desktop-u041fu043e u0443u043cu043eu043bu0447u0430u043du0438u044e/CMakeFiles/CMakeTmp

Run Build Command:"/usr/bin/make" "cmTC_b8715/fast"
/Applications/Xcode.app/Contents/Developer/usr/bin/make -f CMakeFiles/cmTC_b8715.dir/build.make CMakeFiles/cmTC_b8715.dir/build
Building C object CMakeFiles/cmTC_b8715.dir/feature_tests.c.o
/usr/bin/gcc   -std=c99 -o CMakeFiles/cmTC_b8715.dir/feature_tests.c.o   -c "/Users/artem/Documents/диплом/dlib/dlib-19.10/build-examples-Desktop-u041fu043e u0443u043cu043eu043bu0447u0430u043du0438u044e/CMakeFiles/feature_tests.c"
Linking C executable cmTC_b8715
/usr/local/Cellar/cmake/3.11.1/bin/cmake -E cmake_link_script CMakeFiles/cmTC_b8715.dir/link.txt --verbose=1
/usr/bin/gcc   -Wl,-search_paths_first -Wl,-headerpad_max_install_names   CMakeFiles/cmTC_b8715.dir/feature_tests.c.o  -o cmTC_b8715 


    Feature record: C_FEATURE:1c_function_prototypes
    Feature record: C_FEATURE:1c_restrict
    Feature record: C_FEATURE:0c_static_assert
    Feature record: C_FEATURE:1c_variadic_macros


Detecting C [-std=c90] compiler features compiled with the following output:
Change Dir: /Users/artem/Documents/диплом/dlib/dlib-19.10/build-examples-Desktop-u041fu043e u0443u043cu043eu043bu0447u0430u043du0438u044e/CMakeFiles/CMakeTmp

Run Build Command:"/usr/bin/make" "cmTC_57b37/fast"
/Applications/Xcode.app/Contents/Developer/usr/bin/make -f CMakeFiles/cmTC_57b37.dir/build.make CMakeFiles/cmTC_57b37.dir/build
Building C object CMakeFiles/cmTC_57b37.dir/feature_tests.c.o
/usr/bin/gcc   -std=c90 -o CMakeFiles/cmTC_57b37.dir/feature_tests.c.o   -c "/Users/artem/Documents/диплом/dlib/dlib-19.10/build-examples-Desktop-u041fu043e u0443u043cu043eu043bu0447u0430u043du0438u044e/CMakeFiles/feature_tests.c"
Linking C executable cmTC_57b37
/usr/local/Cellar/cmake/3.11.1/bin/cmake -E cmake_link_script CMakeFiles/cmTC_57b37.dir/link.txt --verbose=1
/usr/bin/gcc   -Wl,-search_paths_first -Wl,-headerpad_max_install_names   CMakeFiles/cmTC_57b37.dir/feature_tests.c.o  -o cmTC_57b37 


    Feature record: C_FEATURE:1c_function_prototypes
    Feature record: C_FEATURE:0c_restrict
    Feature record: C_FEATURE:0c_static_assert
    Feature record: C_FEATURE:0c_variadic_macros
Determining if the CXX compiler works passed with the following output:
Change Dir: /Users/artem/Documents/диплом/dlib/dlib-19.10/build-examples-Desktop-u041fu043e u0443u043cu043eu043bu0447u0430u043du0438u044e/CMakeFiles/CMakeTmp

Run Build Command:"/usr/bin/make" "cmTC_28cdb/fast"
/Applications/Xcode.app/Contents/Developer/usr/bin/make -f CMakeFiles/cmTC_28cdb.dir/build.make CMakeFiles/cmTC_28cdb.dir/build
Building CXX object CMakeFiles/cmTC_28cdb.dir/testCXXCompiler.cxx.o
/usr/bin/g++     -o CMakeFiles/cmTC_28cdb.dir/testCXXCompiler.cxx.o -c "/Users/artem/Documents/диплом/dlib/dlib-19.10/build-examples-Desktop-u041fu043e u0443u043cu043eu043bu0447u0430u043du0438u044e/CMakeFiles/CMakeTmp/testCXXCompiler.cxx"
Linking CXX executable cmTC_28cdb
/usr/local/Cellar/cmake/3.11.1/bin/cmake -E cmake_link_script CMakeFiles/cmTC_28cdb.dir/link.txt --verbose=1
/usr/bin/g++    -Wl,-search_paths_first -Wl,-headerpad_max_install_names   CMakeFiles/cmTC_28cdb.dir/testCXXCompiler.cxx.o  -o cmTC_28cdb 


Detecting CXX compiler ABI info compiled with the following output:
Change Dir: /Users/artem/Documents/диплом/dlib/dlib-19.10/build-examples-Desktop-u041fu043e u0443u043cu043eu043bu0447u0430u043du0438u044e/CMakeFiles/CMakeTmp

Run Build Command:"/usr/bin/make" "cmTC_74305/fast"
/Applications/Xcode.app/Contents/Developer/usr/bin/make -f CMakeFiles/cmTC_74305.dir/build.make CMakeFiles/cmTC_74305.dir/build
Building CXX object CMakeFiles/cmTC_74305.dir/CMakeCXXCompilerABI.cpp.o
/usr/bin/g++     -o CMakeFiles/cmTC_74305.dir/CMakeCXXCompilerABI.cpp.o -c /usr/local/Cellar/cmake/3.11.1/share/cmake/Modules/CMakeCXXCompilerABI.cpp
Linking CXX executable cmTC_74305
/usr/local/Cellar/cmake/3.11.1/bin/cmake -E cmake_link_script CMakeFiles/cmTC_74305.dir/link.txt --verbose=1
/usr/bin/g++    -Wl,-search_paths_first -Wl,-headerpad_max_install_names  -v -Wl,-v CMakeFiles/cmTC_74305.dir/CMakeCXXCompilerABI.cpp.o  -o cmTC_74305 
Apple LLVM version 9.0.0 (clang-900.0.39.2)
Target: x86_64-apple-darwin17.2.0
Thread model: posix
InstalledDir: /Applications/Xcode.app/Contents/Developer/Toolchains/XcodeDefault.xctoolchain/usr/bin
 "/Applications/Xcode.app/Contents/Developer/Toolchains/XcodeDefault.xctoolchain/usr/bin/ld" -demangle -lto_library /Applications/Xcode.app/Contents/Developer/Toolchains/XcodeDefault.xctoolchain/usr/lib/libLTO.dylib -dynamic -arch x86_64 -macosx_version_min 10.13.0 -o cmTC_74305 -search_paths_first -headerpad_max_install_names -v CMakeFiles/cmTC_74305.dir/CMakeCXXCompilerABI.cpp.o -lc++ -lSystem /Applications/Xcode.app/Contents/Developer/Toolchains/XcodeDefault.xctoolchain/usr/lib/clang/9.0.0/lib/darwin/libclang_rt.osx.a
@(#)PROGRAM:ld  PROJECT:ld64-305
configured to support archs: armv6 armv7 armv7s arm64 i386 x86_64 x86_64h armv6m armv7k armv7m armv7em (tvOS)
Library search paths:
	/usr/lib
	/usr/local/lib
Framework search paths:
	/Library/Frameworks/
	/System/Library/Frameworks/


Parsed CXX implicit link information from above output:
  link line regex: [^( *|.*[/\])(ld|CMAKE_LINK_STARTFILE-NOTFOUND|([^/\]+-)?ld|collect2)[^/\]*( |$)]
  ignore line: [Change Dir: /Users/artem/Documents/диплом/dlib/dlib-19.10/build-examples-Desktop-u041fu043e u0443u043cu043eu043bu0447u0430u043du0438u044e/CMakeFiles/CMakeTmp]
  ignore line: []
  ignore line: [Run Build Command:"/usr/bin/make" "cmTC_74305/fast"]
  ignore line: [/Applications/Xcode.app/Contents/Developer/usr/bin/make -f CMakeFiles/cmTC_74305.dir/build.make CMakeFiles/cmTC_74305.dir/build]
  ignore line: [Building CXX object CMakeFiles/cmTC_74305.dir/CMakeCXXCompilerABI.cpp.o]
  ignore line: [/usr/bin/g++     -o CMakeFiles/cmTC_74305.dir/CMakeCXXCompilerABI.cpp.o -c /usr/local/Cellar/cmake/3.11.1/share/cmake/Modules/CMakeCXXCompilerABI.cpp]
  ignore line: [Linking CXX executable cmTC_74305]
  ignore line: [/usr/local/Cellar/cmake/3.11.1/bin/cmake -E cmake_link_script CMakeFiles/cmTC_74305.dir/link.txt --verbose=1]
  ignore line: [/usr/bin/g++    -Wl,-search_paths_first -Wl,-headerpad_max_install_names  -v -Wl,-v CMakeFiles/cmTC_74305.dir/CMakeCXXCompilerABI.cpp.o  -o cmTC_74305 ]
  ignore line: [Apple LLVM version 9.0.0 (clang-900.0.39.2)]
  ignore line: [Target: x86_64-apple-darwin17.2.0]
  ignore line: [Thread model: posix]
  ignore line: [InstalledDir: /Applications/Xcode.app/Contents/Developer/Toolchains/XcodeDefault.xctoolchain/usr/bin]
  link line: [ "/Applications/Xcode.app/Contents/Developer/Toolchains/XcodeDefault.xctoolchain/usr/bin/ld" -demangle -lto_library /Applications/Xcode.app/Contents/Developer/Toolchains/XcodeDefault.xctoolchain/usr/lib/libLTO.dylib -dynamic -arch x86_64 -macosx_version_min 10.13.0 -o cmTC_74305 -search_paths_first -headerpad_max_install_names -v CMakeFiles/cmTC_74305.dir/CMakeCXXCompilerABI.cpp.o -lc++ -lSystem /Applications/Xcode.app/Contents/Developer/Toolchains/XcodeDefault.xctoolchain/usr/lib/clang/9.0.0/lib/darwin/libclang_rt.osx.a]
    arg [/Applications/Xcode.app/Contents/Developer/Toolchains/XcodeDefault.xctoolchain/usr/bin/ld] ==> ignore
    arg [-demangle] ==> ignore
    arg [-lto_library] ==> ignore, skip following value
    arg [/Applications/Xcode.app/Contents/Developer/Toolchains/XcodeDefault.xctoolchain/usr/lib/libLTO.dylib] ==> skip value of -lto_library
    arg [-dynamic] ==> ignore
    arg [-arch] ==> ignore
    arg [x86_64] ==> ignore
    arg [-macosx_version_min] ==> ignore
    arg [10.13.0] ==> ignore
    arg [-o] ==> ignore
    arg [cmTC_74305] ==> ignore
    arg [-search_paths_first] ==> ignore
    arg [-headerpad_max_install_names] ==> ignore
    arg [-v] ==> ignore
    arg [CMakeFiles/cmTC_74305.dir/CMakeCXXCompilerABI.cpp.o] ==> ignore
    arg [-lc++] ==> lib [c++]
    arg [-lSystem] ==> lib [System]
    arg [/Applications/Xcode.app/Contents/Developer/Toolchains/XcodeDefault.xctoolchain/usr/lib/clang/9.0.0/lib/darwin/libclang_rt.osx.a] ==> lib [/Applications/Xcode.app/Contents/Developer/Toolchains/XcodeDefault.xctoolchain/usr/lib/clang/9.0.0/lib/darwin/libclang_rt.osx.a]
  Library search paths: [;/usr/lib;/usr/local/lib]
  Framework search paths: [;/Library/Frameworks/;/System/Library/Frameworks/]
  remove lib [System]
  remove lib [/Applications/Xcode.app/Contents/Developer/Toolchains/XcodeDefault.xctoolchain/usr/lib/clang/9.0.0/lib/darwin/libclang_rt.osx.a]
  collapse library dir [/usr/lib] ==> [/usr/lib]
  collapse library dir [/usr/local/lib] ==> [/usr/local/lib]
  collapse framework dir [/Library/Frameworks/] ==> [/Library/Frameworks]
  collapse framework dir [/System/Library/Frameworks/] ==> [/System/Library/Frameworks]
  implicit libs: [c++]
  implicit dirs: [/usr/lib;/usr/local/lib]
  implicit fwks: [/Library/Frameworks;/System/Library/Frameworks]




Detecting CXX [-std=c++1z] compiler features compiled with the following output:
Change Dir: /Users/artem/Documents/диплом/dlib/dlib-19.10/build-examples-Desktop-u041fu043e u0443u043cu043eu043bu0447u0430u043du0438u044e/CMakeFiles/CMakeTmp

Run Build Command:"/usr/bin/make" "cmTC_afb54/fast"
/Applications/Xcode.app/Contents/Developer/usr/bin/make -f CMakeFiles/cmTC_afb54.dir/build.make CMakeFiles/cmTC_afb54.dir/build
Building CXX object CMakeFiles/cmTC_afb54.dir/feature_tests.cxx.o
/usr/bin/g++    -std=c++1z -o CMakeFiles/cmTC_afb54.dir/feature_tests.cxx.o -c "/Users/artem/Documents/диплом/dlib/dlib-19.10/build-examples-Desktop-u041fu043e u0443u043cu043eu043bu0447u0430u043du0438u044e/CMakeFiles/feature_tests.cxx"
Linking CXX executable cmTC_afb54
/usr/local/Cellar/cmake/3.11.1/bin/cmake -E cmake_link_script CMakeFiles/cmTC_afb54.dir/link.txt --verbose=1
/usr/bin/g++    -Wl,-search_paths_first -Wl,-headerpad_max_install_names   CMakeFiles/cmTC_afb54.dir/feature_tests.cxx.o  -o cmTC_afb54 


    Feature record: CXX_FEATURE:1cxx_aggregate_default_initializers
    Feature record: CXX_FEATURE:1cxx_alias_templates
    Feature record: CXX_FEATURE:1cxx_alignas
    Feature record: CXX_FEATURE:1cxx_alignof
    Feature record: CXX_FEATURE:1cxx_attributes
    Feature record: CXX_FEATURE:1cxx_attribute_deprecated
    Feature record: CXX_FEATURE:1cxx_auto_type
    Feature record: CXX_FEATURE:1cxx_binary_literals
    Feature record: CXX_FEATURE:1cxx_constexpr
    Feature record: CXX_FEATURE:1cxx_contextual_conversions
    Feature record: CXX_FEATURE:1cxx_decltype
    Feature record: CXX_FEATURE:1cxx_decltype_auto
    Feature record: CXX_FEATURE:1cxx_decltype_incomplete_return_types
    Feature record: CXX_FEATURE:1cxx_default_function_template_args
    Feature record: CXX_FEATURE:1cxx_defaulted_functions
    Feature record: CXX_FEATURE:1cxx_defaulted_move_initializers
    Feature record: CXX_FEATURE:1cxx_delegating_constructors
    Feature record: CXX_FEATURE:1cxx_deleted_functions
    Feature record: CXX_FEATURE:1cxx_digit_separators
    Feature record: CXX_FEATURE:1cxx_enum_forward_declarations
    Feature record: CXX_FEATURE:1cxx_explicit_conversions
    Feature record: CXX_FEATURE:1cxx_extended_friend_declarations
    Feature record: CXX_FEATURE:1cxx_extern_templates
    Feature record: CXX_FEATURE:1cxx_final
    Feature record: CXX_FEATURE:1cxx_func_identifier
    Feature record: CXX_FEATURE:1cxx_generalized_initializers
    Feature record: CXX_FEATURE:1cxx_generic_lambdas
    Feature record: CXX_FEATURE:1cxx_inheriting_constructors
    Feature record: CXX_FEATURE:1cxx_inline_namespaces
    Feature record: CXX_FEATURE:1cxx_lambdas
    Feature record: CXX_FEATURE:1cxx_lambda_init_captures
    Feature record: CXX_FEATURE:1cxx_local_type_template_args
    Feature record: CXX_FEATURE:1cxx_long_long_type
    Feature record: CXX_FEATURE:1cxx_noexcept
    Feature record: CXX_FEATURE:1cxx_nonstatic_member_init
    Feature record: CXX_FEATURE:1cxx_nullptr
    Feature record: CXX_FEATURE:1cxx_override
    Feature record: CXX_FEATURE:1cxx_range_for
    Feature record: CXX_FEATURE:1cxx_raw_string_literals
    Feature record: CXX_FEATURE:1cxx_reference_qualified_functions
    Feature record: CXX_FEATURE:1cxx_relaxed_constexpr
    Feature record: CXX_FEATURE:1cxx_return_type_deduction
    Feature record: CXX_FEATURE:1cxx_right_angle_brackets
    Feature record: CXX_FEATURE:1cxx_rvalue_references
    Feature record: CXX_FEATURE:1cxx_sizeof_member
    Feature record: CXX_FEATURE:1cxx_static_assert
    Feature record: CXX_FEATURE:1cxx_strong_enums
    Feature record: CXX_FEATURE:1cxx_template_template_parameters
    Feature record: CXX_FEATURE:1cxx_thread_local
    Feature record: CXX_FEATURE:1cxx_trailing_return_types
    Feature record: CXX_FEATURE:1cxx_unicode_literals
    Feature record: CXX_FEATURE:1cxx_uniform_initialization
    Feature record: CXX_FEATURE:1cxx_unrestricted_unions
    Feature record: CXX_FEATURE:1cxx_user_literals
    Feature record: CXX_FEATURE:1cxx_variable_templates
    Feature record: CXX_FEATURE:1cxx_variadic_macros
    Feature record: CXX_FEATURE:1cxx_variadic_templates


Detecting CXX [-std=c++14] compiler features compiled with the following output:
Change Dir: /Users/artem/Documents/диплом/dlib/dlib-19.10/build-examples-Desktop-u041fu043e u0443u043cu043eu043bu0447u0430u043du0438u044e/CMakeFiles/CMakeTmp

Run Build Command:"/usr/bin/make" "cmTC_879ed/fast"
/Applications/Xcode.app/Contents/Developer/usr/bin/make -f CMakeFiles/cmTC_879ed.dir/build.make CMakeFiles/cmTC_879ed.dir/build
Building CXX object CMakeFiles/cmTC_879ed.dir/feature_tests.cxx.o
/usr/bin/g++    -std=c++14 -o CMakeFiles/cmTC_879ed.dir/feature_tests.cxx.o -c "/Users/artem/Documents/диплом/dlib/dlib-19.10/build-examples-Desktop-u041fu043e u0443u043cu043eu043bu0447u0430u043du0438u044e/CMakeFiles/feature_tests.cxx"
Linking CXX executable cmTC_879ed
/usr/local/Cellar/cmake/3.11.1/bin/cmake -E cmake_link_script CMakeFiles/cmTC_879ed.dir/link.txt --verbose=1
/usr/bin/g++    -Wl,-search_paths_first -Wl,-headerpad_max_install_names   CMakeFiles/cmTC_879ed.dir/feature_tests.cxx.o  -o cmTC_879ed 


    Feature record: CXX_FEATURE:1cxx_aggregate_default_initializers
    Feature record: CXX_FEATURE:1cxx_alias_templates
    Feature record: CXX_FEATURE:1cxx_alignas
    Feature record: CXX_FEATURE:1cxx_alignof
    Feature record: CXX_FEATURE:1cxx_attributes
    Feature record: CXX_FEATURE:1cxx_attribute_deprecated
    Feature record: CXX_FEATURE:1cxx_auto_type
    Feature record: CXX_FEATURE:1cxx_binary_literals
    Feature record: CXX_FEATURE:1cxx_constexpr
    Feature record: CXX_FEATURE:1cxx_contextual_conversions
    Feature record: CXX_FEATURE:1cxx_decltype
    Feature record: CXX_FEATURE:1cxx_decltype_auto
    Feature record: CXX_FEATURE:1cxx_decltype_incomplete_return_types
    Feature record: CXX_FEATURE:1cxx_default_function_template_args
    Feature record: CXX_FEATURE:1cxx_defaulted_functions
    Feature record: CXX_FEATURE:1cxx_defaulted_move_initializers
    Feature record: CXX_FEATURE:1cxx_delegating_constructors
    Feature record: CXX_FEATURE:1cxx_deleted_functions
    Feature record: CXX_FEATURE:1cxx_digit_separators
    Feature record: CXX_FEATURE:1cxx_enum_forward_declarations
    Feature record: CXX_FEATURE:1cxx_explicit_conversions
    Feature record: CXX_FEATURE:1cxx_extended_friend_declarations
    Feature record: CXX_FEATURE:1cxx_extern_templates
    Feature record: CXX_FEATURE:1cxx_final
    Feature record: CXX_FEATURE:1cxx_func_identifier
    Feature record: CXX_FEATURE:1cxx_generalized_initializers
    Feature record: CXX_FEATURE:1cxx_generic_lambdas
    Feature record: CXX_FEATURE:1cxx_inheriting_constructors
    Feature record: CXX_FEATURE:1cxx_inline_namespaces
    Feature record: CXX_FEATURE:1cxx_lambdas
    Feature record: CXX_FEATURE:1cxx_lambda_init_captures
    Feature record: CXX_FEATURE:1cxx_local_type_template_args
    Feature record: CXX_FEATURE:1cxx_long_long_type
    Feature record: CXX_FEATURE:1cxx_noexcept
    Feature record: CXX_FEATURE:1cxx_nonstatic_member_init
    Feature record: CXX_FEATURE:1cxx_nullptr
    Feature record: CXX_FEATURE:1cxx_override
    Feature record: CXX_FEATURE:1cxx_range_for
    Feature record: CXX_FEATURE:1cxx_raw_string_literals
    Feature record: CXX_FEATURE:1cxx_reference_qualified_functions
    Feature record: CXX_FEATURE:1cxx_relaxed_constexpr
    Feature record: CXX_FEATURE:1cxx_return_type_deduction
    Feature record: CXX_FEATURE:1cxx_right_angle_brackets
    Feature record: CXX_FEATURE:1cxx_rvalue_references
    Feature record: CXX_FEATURE:1cxx_sizeof_member
    Feature record: CXX_FEATURE:1cxx_static_assert
    Feature record: CXX_FEATURE:1cxx_strong_enums
    Feature record: CXX_FEATURE:1cxx_template_template_parameters
    Feature record: CXX_FEATURE:1cxx_thread_local
    Feature record: CXX_FEATURE:1cxx_trailing_return_types
    Feature record: CXX_FEATURE:1cxx_unicode_literals
    Feature record: CXX_FEATURE:1cxx_uniform_initialization
    Feature record: CXX_FEATURE:1cxx_unrestricted_unions
    Feature record: CXX_FEATURE:1cxx_user_literals
    Feature record: CXX_FEATURE:1cxx_variable_templates
    Feature record: CXX_FEATURE:1cxx_variadic_macros
    Feature record: CXX_FEATURE:1cxx_variadic_templates


Detecting CXX [-std=c++11] compiler features compiled with the following output:
Change Dir: /Users/artem/Documents/диплом/dlib/dlib-19.10/build-examples-Desktop-u041fu043e u0443u043cu043eu043bu0447u0430u043du0438u044e/CMakeFiles/CMakeTmp

Run Build Command:"/usr/bin/make" "cmTC_7bb77/fast"
/Applications/Xcode.app/Contents/Developer/usr/bin/make -f CMakeFiles/cmTC_7bb77.dir/build.make CMakeFiles/cmTC_7bb77.dir/build
Building CXX object CMakeFiles/cmTC_7bb77.dir/feature_tests.cxx.o
/usr/bin/g++    -std=c++11 -o CMakeFiles/cmTC_7bb77.dir/feature_tests.cxx.o -c "/Users/artem/Documents/диплом/dlib/dlib-19.10/build-examples-Desktop-u041fu043e u0443u043cu043eu043bu0447u0430u043du0438u044e/CMakeFiles/feature_tests.cxx"
Linking CXX executable cmTC_7bb77
/usr/local/Cellar/cmake/3.11.1/bin/cmake -E cmake_link_script CMakeFiles/cmTC_7bb77.dir/link.txt --verbose=1
/usr/bin/g++    -Wl,-search_paths_first -Wl,-headerpad_max_install_names   CMakeFiles/cmTC_7bb77.dir/feature_tests.cxx.o  -o cmTC_7bb77 


    Feature record: CXX_FEATURE:0cxx_aggregate_default_initializers
    Feature record: CXX_FEATURE:1cxx_alias_templates
    Feature record: CXX_FEATURE:1cxx_alignas
    Feature record: CXX_FEATURE:1cxx_alignof
    Feature record: CXX_FEATURE:1cxx_attributes
    Feature record: CXX_FEATURE:0cxx_attribute_deprecated
    Feature record: CXX_FEATURE:1cxx_auto_type
    Feature record: CXX_FEATURE:0cxx_binary_literals
    Feature record: CXX_FEATURE:1cxx_constexpr
    Feature record: CXX_FEATURE:0cxx_contextual_conversions
    Feature record: CXX_FEATURE:1cxx_decltype
    Feature record: CXX_FEATURE:0cxx_decltype_auto
    Feature record: CXX_FEATURE:1cxx_decltype_incomplete_return_types
    Feature record: CXX_FEATURE:1cxx_default_function_template_args
    Feature record: CXX_FEATURE:1cxx_defaulted_functions
    Feature record: CXX_FEATURE:1cxx_defaulted_move_initializers
    Feature record: CXX_FEATURE:1cxx_delegating_constructors
    Feature record: CXX_FEATURE:1cxx_deleted_functions
    Feature record: CXX_FEATURE:0cxx_digit_separators
    Feature record: CXX_FEATURE:1cxx_enum_forward_declarations
    Feature record: CXX_FEATURE:1cxx_explicit_conversions
    Feature record: CXX_FEATURE:1cxx_extended_friend_declarations
    Feature record: CXX_FEATURE:1cxx_extern_templates
    Feature record: CXX_FEATURE:1cxx_final
    Feature record: CXX_FEATURE:1cxx_func_identifier
    Feature record: CXX_FEATURE:1cxx_generalized_initializers
    Feature record: CXX_FEATURE:0cxx_generic_lambdas
    Feature record: CXX_FEATURE:1cxx_inheriting_constructors
    Feature record: CXX_FEATURE:1cxx_inline_namespaces
    Feature record: CXX_FEATURE:1cxx_lambdas
    Feature record: CXX_FEATURE:0cxx_lambda_init_captures
    Feature record: CXX_FEATURE:1cxx_local_type_template_args
    Feature record: CXX_FEATURE:1cxx_long_long_type
    Feature record: CXX_FEATURE:1cxx_noexcept
    Feature record: CXX_FEATURE:1cxx_nonstatic_member_init
    Feature record: CXX_FEATURE:1cxx_nullptr
    Feature record: CXX_FEATURE:1cxx_override
    Feature record: CXX_FEATURE:1cxx_range_for
    Feature record: CXX_FEATURE:1cxx_raw_string_literals
    Feature record: CXX_FEATURE:1cxx_reference_qualified_functions
    Feature record: CXX_FEATURE:0cxx_relaxed_constexpr
    Feature record: CXX_FEATURE:0cxx_return_type_deduction
    Feature record: CXX_FEATURE:1cxx_right_angle_brackets
    Feature record: CXX_FEATURE:1cxx_rvalue_references
    Feature record: CXX_FEATURE:1cxx_sizeof_member
    Feature record: CXX_FEATURE:1cxx_static_assert
    Feature record: CXX_FEATURE:1cxx_strong_enums
    Feature record: CXX_FEATURE:1cxx_template_template_parameters
    Feature record: CXX_FEATURE:1cxx_thread_local
    Feature record: CXX_FEATURE:1cxx_trailing_return_types
    Feature record: CXX_FEATURE:1cxx_unicode_literals
    Feature record: CXX_FEATURE:1cxx_uniform_initialization
    Feature record: CXX_FEATURE:1cxx_unrestricted_unions
    Feature record: CXX_FEATURE:1cxx_user_literals
    Feature record: CXX_FEATURE:0cxx_variable_templates
    Feature record: CXX_FEATURE:1cxx_variadic_macros
    Feature record: CXX_FEATURE:1cxx_variadic_templates


Detecting CXX [-std=c++98] compiler features compiled with the following output:
Change Dir: /Users/artem/Documents/диплом/dlib/dlib-19.10/build-examples-Desktop-u041fu043e u0443u043cu043eu043bu0447u0430u043du0438u044e/CMakeFiles/CMakeTmp

Run Build Command:"/usr/bin/make" "cmTC_b9f57/fast"
/Applications/Xcode.app/Contents/Developer/usr/bin/make -f CMakeFiles/cmTC_b9f57.dir/build.make CMakeFiles/cmTC_b9f57.dir/build
Building CXX object CMakeFiles/cmTC_b9f57.dir/feature_tests.cxx.o
/usr/bin/g++    -std=c++98 -o CMakeFiles/cmTC_b9f57.dir/feature_tests.cxx.o -c "/Users/artem/Documents/диплом/dlib/dlib-19.10/build-examples-Desktop-u041fu043e u0443u043cu043eu043bu0447u0430u043du0438u044e/CMakeFiles/feature_tests.cxx"
Linking CXX executable cmTC_b9f57
/usr/local/Cellar/cmake/3.11.1/bin/cmake -E cmake_link_script CMakeFiles/cmTC_b9f57.dir/link.txt --verbose=1
/usr/bin/g++    -Wl,-search_paths_first -Wl,-headerpad_max_install_names   CMakeFiles/cmTC_b9f57.dir/feature_tests.cxx.o  -o cmTC_b9f57 


    Feature record: CXX_FEATURE:0cxx_aggregate_default_initializers
    Feature record: CXX_FEATURE:0cxx_alias_templates
    Feature record: CXX_FEATURE:0cxx_alignas
    Feature record: CXX_FEATURE:0cxx_alignof
    Feature record: CXX_FEATURE:0cxx_attributes
    Feature record: CXX_FEATURE:0cxx_attribute_deprecated
    Feature record: CXX_FEATURE:0cxx_auto_type
    Feature record: CXX_FEATURE:0cxx_binary_literals
    Feature record: CXX_FEATURE:0cxx_constexpr
    Feature record: CXX_FEATURE:0cxx_contextual_conversions
    Feature record: CXX_FEATURE:0cxx_decltype
    Feature record: CXX_FEATURE:0cxx_decltype_auto
    Feature record: CXX_FEATURE:0cxx_decltype_incomplete_return_types
    Feature record: CXX_FEATURE:0cxx_default_function_template_args
    Feature record: CXX_FEATURE:0cxx_defaulted_functions
    Feature record: CXX_FEATURE:0cxx_defaulted_move_initializers
    Feature record: CXX_FEATURE:0cxx_delegating_constructors
    Feature record: CXX_FEATURE:0cxx_deleted_functions
    Feature record: CXX_FEATURE:0cxx_digit_separators
    Feature record: CXX_FEATURE:0cxx_enum_forward_declarations
    Feature record: CXX_FEATURE:0cxx_explicit_conversions
    Feature record: CXX_FEATURE:0cxx_extended_friend_declarations
    Feature record: CXX_FEATURE:0cxx_extern_templates
    Feature record: CXX_FEATURE:0cxx_final
    Feature record: CXX_FEATURE:0cxx_func_identifier
    Feature record: CXX_FEATURE:0cxx_generalized_initializers
    Feature record: CXX_FEATURE:0cxx_generic_lambdas
    Feature record: CXX_FEATURE:0cxx_inheriting_constructors
    Feature record: CXX_FEATURE:0cxx_inline_namespaces
    Feature record: CXX_FEATURE:0cxx_lambdas
    Feature record: CXX_FEATURE:0cxx_lambda_init_captures
    Feature record: CXX_FEATURE:0cxx_local_type_template_args
    Feature record: CXX_FEATURE:0cxx_long_long_type
    Feature record: CXX_FEATURE:0cxx_noexcept
    Feature record: CXX_FEATURE:0cxx_nonstatic_member_init
    Feature record: CXX_FEATURE:0cxx_nullptr
    Feature record: CXX_FEATURE:0cxx_override
    Feature record: CXX_FEATURE:0cxx_range_for
    Feature record: CXX_FEATURE:0cxx_raw_string_literals
    Feature record: CXX_FEATURE:0cxx_reference_qualified_functions
    Feature record: CXX_FEATURE:0cxx_relaxed_constexpr
    Feature record: CXX_FEATURE:0cxx_return_type_deduction
    Feature record: CXX_FEATURE:0cxx_right_angle_brackets
    Feature record: CXX_FEATURE:0cxx_rvalue_references
    Feature record: CXX_FEATURE:0cxx_sizeof_member
    Feature record: CXX_FEATURE:0cxx_static_assert
    Feature record: CXX_FEATURE:0cxx_strong_enums
    Feature record: CXX_FEATURE:1cxx_template_template_parameters
    Feature record: CXX_FEATURE:0cxx_thread_local
    Feature record: CXX_FEATURE:0cxx_trailing_return_types
    Feature record: CXX_FEATURE:0cxx_unicode_literals
    Feature record: CXX_FEATURE:0cxx_uniform_initialization
    Feature record: CXX_FEATURE:0cxx_unrestricted_unions
    Feature record: CXX_FEATURE:0cxx_user_literals
    Feature record: CXX_FEATURE:0cxx_variable_templates
    Feature record: CXX_FEATURE:0cxx_variadic_macros
    Feature record: CXX_FEATURE:0cxx_variadic_templates
Determining if the include file pthread.h exists passed with the following output:
Change Dir: /Users/artem/Documents/диплом/dlib/dlib-19.10/build-examples-Desktop-u041fu043e u0443u043cu043eu043bu0447u0430u043du0438u044e/CMakeFiles/CMakeTmp

Run Build Command:"/usr/bin/make" "cmTC_2d1cf/fast"
/Applications/Xcode.app/Contents/Developer/usr/bin/make -f CMakeFiles/cmTC_2d1cf.dir/build.make CMakeFiles/cmTC_2d1cf.dir/build
Building C object CMakeFiles/cmTC_2d1cf.dir/CheckIncludeFile.c.o
/usr/bin/gcc    -o CMakeFiles/cmTC_2d1cf.dir/CheckIncludeFile.c.o   -c "/Users/artem/Documents/диплом/dlib/dlib-19.10/build-examples-Desktop-u041fu043e u0443u043cu043eu043bu0447u0430u043du0438u044e/CMakeFiles/CMakeTmp/CheckIncludeFile.c"
Linking C executable cmTC_2d1cf
/usr/local/Cellar/cmake/3.11.1/bin/cmake -E cmake_link_script CMakeFiles/cmTC_2d1cf.dir/link.txt --verbose=1
/usr/bin/gcc   -Wl,-search_paths_first -Wl,-headerpad_max_install_names   CMakeFiles/cmTC_2d1cf.dir/CheckIncludeFile.c.o  -o cmTC_2d1cf 


Determining if the pthread_create exist passed with the following output:
Change Dir: /Users/artem/Documents/диплом/dlib/dlib-19.10/build-examples-Desktop-u041fu043e u0443u043cu043eu043bu0447u0430u043du0438u044e/CMakeFiles/CMakeTmp

Run Build Command:"/usr/bin/make" "cmTC_3354e/fast"
/Applications/Xcode.app/Contents/Developer/usr/bin/make -f CMakeFiles/cmTC_3354e.dir/build.make CMakeFiles/cmTC_3354e.dir/build
Building C object CMakeFiles/cmTC_3354e.dir/CheckSymbolExists.c.o
/usr/bin/gcc    -o CMakeFiles/cmTC_3354e.dir/CheckSymbolExists.c.o   -c "/Users/artem/Documents/диплом/dlib/dlib-19.10/build-examples-Desktop-u041fu043e u0443u043cu043eu043bu0447u0430u043du0438u044e/CMakeFiles/CMakeTmp/CheckSymbolExists.c"
Linking C executable cmTC_3354e
/usr/local/Cellar/cmake/3.11.1/bin/cmake -E cmake_link_script CMakeFiles/cmTC_3354e.dir/link.txt --verbose=1
/usr/bin/gcc   -Wl,-search_paths_first -Wl,-headerpad_max_install_names   CMakeFiles/cmTC_3354e.dir/CheckSymbolExists.c.o  -o cmTC_3354e 

File /Users/artem/Documents/диплом/dlib/dlib-19.10/build-examples-Desktop-u041fu043e u0443u043cu043eu043bu0447u0430u043du0438u044e/CMakeFiles/CMakeTmp/CheckSymbolExists.c:
/* */
#include <pthread.h>

int main(int argc, char** argv)
{
  (void)argv;
#ifndef pthread_create
  return ((int*)(&pthread_create))[argc];
#else
  (void)argc;
  return 0;
#endif
}

Determining if the function png_create_read_struct exists passed with the following output:
Change Dir: /Users/artem/Documents/диплом/dlib/dlib-19.10/build-examples-Desktop-u041fu043e u0443u043cu043eu043bu0447u0430u043du0438u044e/CMakeFiles/CMakeTmp

Run Build Command:"/usr/bin/make" "cmTC_a3d58/fast"
/Applications/Xcode.app/Contents/Developer/usr/bin/make -f CMakeFiles/cmTC_a3d58.dir/build.make CMakeFiles/cmTC_a3d58.dir/build
Building C object CMakeFiles/cmTC_a3d58.dir/CheckFunctionExists.c.o
/usr/bin/gcc   -DCHECK_FUNCTION_EXISTS=png_create_read_struct   -o CMakeFiles/cmTC_a3d58.dir/CheckFunctionExists.c.o   -c /usr/local/Cellar/cmake/3.11.1/share/cmake/Modules/CheckFunctionExists.c
Linking C executable cmTC_a3d58
/usr/local/Cellar/cmake/3.11.1/bin/cmake -E cmake_link_script CMakeFiles/cmTC_a3d58.dir/link.txt --verbose=1
/usr/bin/gcc  -DCHECK_FUNCTION_EXISTS=png_create_read_struct -Wl,-search_paths_first -Wl,-headerpad_max_install_names   CMakeFiles/cmTC_a3d58.dir/CheckFunctionExists.c.o  -o cmTC_a3d58 /usr/local/lib/libpng.dylib /usr/lib/libz.dylib 


Determining if the function jpeg_read_header exists passed with the following output:
Change Dir: /Users/artem/Documents/диплом/dlib/dlib-19.10/build-examples-Desktop-u041fu043e u0443u043cu043eu043bu0447u0430u043du0438u044e/CMakeFiles/CMakeTmp

Run Build Command:"/usr/bin/make" "cmTC_91e80/fast"
/Applications/Xcode.app/Contents/Developer/usr/bin/make -f CMakeFiles/cmTC_91e80.dir/build.make CMakeFiles/cmTC_91e80.dir/build
Building C object CMakeFiles/cmTC_91e80.dir/CheckFunctionExists.c.o
/usr/bin/gcc   -DCHECK_FUNCTION_EXISTS=jpeg_read_header   -o CMakeFiles/cmTC_91e80.dir/CheckFunctionExists.c.o   -c /usr/local/Cellar/cmake/3.11.1/share/cmake/Modules/CheckFunctionExists.c
Linking C executable cmTC_91e80
/usr/local/Cellar/cmake/3.11.1/bin/cmake -E cmake_link_script CMakeFiles/cmTC_91e80.dir/link.txt --verbose=1
/usr/bin/gcc  -DCHECK_FUNCTION_EXISTS=jpeg_read_header -Wl,-search_paths_first -Wl,-headerpad_max_install_names   CMakeFiles/cmTC_91e80.dir/CheckFunctionExists.c.o  -o cmTC_91e80 /usr/local/lib/libjpeg.dylib 


Determining if the include file sys/types.h exists passed with the following output:
Change Dir: /Users/artem/Documents/диплом/dlib/dlib-19.10/build-examples-Desktop-u041fu043e u0443u043cu043eu043bu0447u0430u043du0438u044e/CMakeFiles/CMakeTmp

Run Build Command:"/usr/bin/make" "cmTC_e9c0b/fast"
/Applications/Xcode.app/Contents/Developer/usr/bin/make -f CMakeFiles/cmTC_e9c0b.dir/build.make CMakeFiles/cmTC_e9c0b.dir/build
Building C object CMakeFiles/cmTC_e9c0b.dir/CheckIncludeFile.c.o
/usr/bin/gcc    -o CMakeFiles/cmTC_e9c0b.dir/CheckIncludeFile.c.o   -c "/Users/artem/Documents/диплом/dlib/dlib-19.10/build-examples-Desktop-u041fu043e u0443u043cu043eu043bu0447u0430u043du0438u044e/CMakeFiles/CMakeTmp/CheckIncludeFile.c"
Linking C executable cmTC_e9c0b
/usr/local/Cellar/cmake/3.11.1/bin/cmake -E cmake_link_script CMakeFiles/cmTC_e9c0b.dir/link.txt --verbose=1
/usr/bin/gcc   -Wl,-search_paths_first -Wl,-headerpad_max_install_names   CMakeFiles/cmTC_e9c0b.dir/CheckIncludeFile.c.o  -o cmTC_e9c0b 


Determining if the include file stdint.h exists passed with the following output:
Change Dir: /Users/artem/Documents/диплом/dlib/dlib-19.10/build-examples-Desktop-u041fu043e u0443u043cu043eu043bu0447u0430u043du0438u044e/CMakeFiles/CMakeTmp

Run Build Command:"/usr/bin/make" "cmTC_e6a61/fast"
/Applications/Xcode.app/Contents/Developer/usr/bin/make -f CMakeFiles/cmTC_e6a61.dir/build.make CMakeFiles/cmTC_e6a61.dir/build
Building C object CMakeFiles/cmTC_e6a61.dir/CheckIncludeFile.c.o
/usr/bin/gcc    -o CMakeFiles/cmTC_e6a61.dir/CheckIncludeFile.c.o   -c "/Users/artem/Documents/диплом/dlib/dlib-19.10/build-examples-Desktop-u041fu043e u0443u043cu043eu043bu0447u0430u043du0438u044e/CMakeFiles/CMakeTmp/CheckIncludeFile.c"
Linking C executable cmTC_e6a61
/usr/local/Cellar/cmake/3.11.1/bin/cmake -E cmake_link_script CMakeFiles/cmTC_e6a61.dir/link.txt --verbose=1
/usr/bin/gcc   -Wl,-search_paths_first -Wl,-headerpad_max_install_names   CMakeFiles/cmTC_e6a61.dir/CheckIncludeFile.c.o  -o cmTC_e6a61 


Determining if the include file stddef.h exists passed with the following output:
Change Dir: /Users/artem/Documents/диплом/dlib/dlib-19.10/build-examples-Desktop-u041fu043e u0443u043cu043eu043bu0447u0430u043du0438u044e/CMakeFiles/CMakeTmp

Run Build Command:"/usr/bin/make" "cmTC_cd967/fast"
/Applications/Xcode.app/Contents/Developer/usr/bin/make -f CMakeFiles/cmTC_cd967.dir/build.make CMakeFiles/cmTC_cd967.dir/build
Building C object CMakeFiles/cmTC_cd967.dir/CheckIncludeFile.c.o
/usr/bin/gcc    -o CMakeFiles/cmTC_cd967.dir/CheckIncludeFile.c.o   -c "/Users/artem/Documents/диплом/dlib/dlib-19.10/build-examples-Desktop-u041fu043e u0443u043cu043eu043bu0447u0430u043du0438u044e/CMakeFiles/CMakeTmp/CheckIncludeFile.c"
Linking C executable cmTC_cd967
/usr/local/Cellar/cmake/3.11.1/bin/cmake -E cmake_link_script CMakeFiles/cmTC_cd967.dir/link.txt --verbose=1
/usr/bin/gcc   -Wl,-search_paths_first -Wl,-headerpad_max_install_names   CMakeFiles/cmTC_cd967.dir/CheckIncludeFile.c.o  -o cmTC_cd967 


Determining size of void* passed with the following output:
Change Dir: /Users/artem/Documents/диплом/dlib/dlib-19.10/build-examples-Desktop-u041fu043e u0443u043cu043eu043bu0447u0430u043du0438u044e/CMakeFiles/CMakeTmp

Run Build Command:"/usr/bin/make" "cmTC_d6d12/fast"
/Applications/Xcode.app/Contents/Developer/usr/bin/make -f CMakeFiles/cmTC_d6d12.dir/build.make CMakeFiles/cmTC_d6d12.dir/build
Building C object CMakeFiles/cmTC_d6d12.dir/SIZE_OF_VOID_PTR.c.o
/usr/bin/gcc    -o CMakeFiles/cmTC_d6d12.dir/SIZE_OF_VOID_PTR.c.o   -c "/Users/artem/Documents/диплом/dlib/dlib-19.10/build-examples-Desktop-u041fu043e u0443u043cu043eu043bu0447u0430u043du0438u044e/CMakeFiles/CheckTypeSize/SIZE_OF_VOID_PTR.c"
Linking C executable cmTC_d6d12
/usr/local/Cellar/cmake/3.11.1/bin/cmake -E cmake_link_script CMakeFiles/cmTC_d6d12.dir/link.txt --verbose=1
/usr/bin/gcc   -Wl,-search_paths_first -Wl,-headerpad_max_install_names   CMakeFiles/cmTC_d6d12.dir/SIZE_OF_VOID_PTR.c.o  -o cmTC_d6d12 /usr/local/lib/libjpeg.dylib 


Determining if the function cblas_ddot exists passed with the following output:
Change Dir: /Users/artem/Documents/диплом/dlib/dlib-19.10/build-examples-Desktop-u041fu043e u0443u043cu043eu043bu0447u0430u043du0438u044e/CMakeFiles/CMakeTmp

Run Build Command:"/usr/bin/make" "cmTC_3623d/fast"
/Applications/Xcode.app/Contents/Developer/usr/bin/make -f CMakeFiles/cmTC_3623d.dir/build.make CMakeFiles/cmTC_3623d.dir/build
Building C object CMakeFiles/cmTC_3623d.dir/CheckFunctionExists.c.o
/usr/bin/gcc   -DCHECK_FUNCTION_EXISTS=cblas_ddot   -o CMakeFiles/cmTC_3623d.dir/CheckFunctionExists.c.o   -c /usr/local/Cellar/cmake/3.11.1/share/cmake/Modules/CheckFunctionExists.c
Linking C executable cmTC_3623d
/usr/local/Cellar/cmake/3.11.1/bin/cmake -E cmake_link_script CMakeFiles/cmTC_3623d.dir/link.txt --verbose=1
/usr/bin/gcc  -DCHECK_FUNCTION_EXISTS=cblas_ddot -Wl,-search_paths_first -Wl,-headerpad_max_install_names   CMakeFiles/cmTC_3623d.dir/CheckFunctionExists.c.o  -o cmTC_3623d /usr/lib/libcblas.dylib 


Determining if the function sgesv exists passed with the following output:
Change Dir: /Users/artem/Documents/диплом/dlib/dlib-19.10/build-examples-Desktop-u041fu043e u0443u043cu043eu043bu0447u0430u043du0438u044e/CMakeFiles/CMakeTmp

Run Build Command:"/usr/bin/make" "cmTC_760b3/fast"
/Applications/Xcode.app/Contents/Developer/usr/bin/make -f CMakeFiles/cmTC_760b3.dir/build.make CMakeFiles/cmTC_760b3.dir/build
Building C object CMakeFiles/cmTC_760b3.dir/CheckFunctionExists.c.o
/usr/bin/gcc   -DCHECK_FUNCTION_EXISTS=sgesv   -o CMakeFiles/cmTC_760b3.dir/CheckFunctionExists.c.o   -c /usr/local/Cellar/cmake/3.11.1/share/cmake/Modules/CheckFunctionExists.c
Linking C executable cmTC_760b3
/usr/local/Cellar/cmake/3.11.1/bin/cmake -E cmake_link_script CMakeFiles/cmTC_760b3.dir/link.txt --verbose=1
/usr/bin/gcc  -DCHECK_FUNCTION_EXISTS=sgesv -Wl,-search_paths_first -Wl,-headerpad_max_install_names   CMakeFiles/cmTC_760b3.dir/CheckFunctionExists.c.o  -o cmTC_760b3 /usr/lib/liblapack.dylib 


Determining if the function sgesv_ exists passed with the following output:
Change Dir: /Users/artem/Documents/диплом/dlib/dlib-19.10/build-examples-Desktop-u041fu043e u0443u043cu043eu043bu0447u0430u043du0438u044e/CMakeFiles/CMakeTmp

Run Build Command:"/usr/bin/make" "cmTC_d5ad3/fast"
/Applications/Xcode.app/Contents/Developer/usr/bin/make -f CMakeFiles/cmTC_d5ad3.dir/build.make CMakeFiles/cmTC_d5ad3.dir/build
Building C object CMakeFiles/cmTC_d5ad3.dir/CheckFunctionExists.c.o
/usr/bin/gcc   -DCHECK_FUNCTION_EXISTS=sgesv_   -o CMakeFiles/cmTC_d5ad3.dir/CheckFunctionExists.c.o   -c /usr/local/Cellar/cmake/3.11.1/share/cmake/Modules/CheckFunctionExists.c
Linking C executable cmTC_d5ad3
/usr/local/Cellar/cmake/3.11.1/bin/cmake -E cmake_link_script CMakeFiles/cmTC_d5ad3.dir/link.txt --verbose=1
/usr/bin/gcc  -DCHECK_FUNCTION_EXISTS=sgesv_ -Wl,-search_paths_first -Wl,-headerpad_max_install_names   CMakeFiles/cmTC_d5ad3.dir/CheckFunctionExists.c.o  -o cmTC_d5ad3 /usr/lib/liblapack.dylib 


