This is pdfTeX, Version 3.14159265-2.6-1.40.19 (TeX Live 2018) (preloaded format=pdflatex 2018.5.28)  31 MAY 2018 20:51
entering extended mode
 restricted \write18 enabled.
 %&-line parsing enabled.
**–¥–∏–ø–ª–æ–º_—à–∞–±–ª–æ–Ω.tex
(./–¥–∏–ø–ª–æ–º_—à–∞–±–ª–æ–Ω.tex
LaTeX2e <2018-04-01> patch level 2
Babel <3.18> and hyphenation patterns for 84 language(s) loaded.
(/usr/local/texlive/2018/texmf-dist/tex/latex/base/article.cls
Document Class: article 2014/09/29 v1.4h Standard LaTeX document class
(/usr/local/texlive/2018/texmf-dist/tex/latex/base/size12.clo
File: size12.clo 2014/09/29 v1.4h Standard LaTeX file (size option)
)
\c@part=\count80
\c@section=\count81
\c@subsection=\count82
\c@subsubsection=\count83
\c@paragraph=\count84
\c@subparagraph=\count85
\c@figure=\count86
\c@table=\count87
\abovecaptionskip=\skip41
\belowcaptionskip=\skip42
\bibindent=\dimen102
)
(/usr/local/texlive/2018/texmf-dist/tex/latex/base/inputenc.sty
Package: inputenc 2018/04/06 v1.3b Input encoding file
\inpenc@prehook=\toks14
\inpenc@posthook=\toks15
)
(/usr/local/texlive/2018/texmf-dist/tex/generic/babel/babel.sty
Package: babel 2018/02/14 3.18 The Babel package

(/usr/local/texlive/2018/texmf-dist/tex/generic/babel/switch.def
File: switch.def 2018/02/14 3.18 Babel switching mechanism
)
(/usr/local/texlive/2018/texmf-dist/tex/generic/babel-english/english.ldf
Language: english 2017/06/06 v3.3r English support from the babel system

(/usr/local/texlive/2018/texmf-dist/tex/generic/babel/babel.def
File: babel.def 2018/02/14 3.18 Babel common definitions
\babel@savecnt=\count88
\U@D=\dimen103

(/usr/local/texlive/2018/texmf-dist/tex/generic/babel/txtbabel.def)
\bbl@dirlevel=\count89
)
\l@canadian = a dialect from \language\l@american 
\l@australian = a dialect from \language\l@british 
\l@newzealand = a dialect from \language\l@british 
)
(/usr/local/texlive/2018/texmf-dist/tex/generic/babel-russian/russianb.ldf
Language: russian 2017/08/12 1.3j Russian support for the Babel system


Package babel Warning: No Cyrillic font encoding has been loaded so far.
(babel)                A font encoding should be declared before babel.
(babel)                Default `T2A' encoding will be loaded  on input line 74.


(/usr/local/texlive/2018/texmf-dist/tex/latex/cyrillic/t2aenc.def
File: t2aenc.def 2005/09/27 v1.0i Cyrillic encoding definition file
Now handling font encoding T2A ...
... processing UTF-8 mapping file for font encoding T2A

(/usr/local/texlive/2018/texmf-dist/tex/latex/base/t2aenc.dfu
File: t2aenc.dfu 2018/04/05 v1.2c UTF-8 support for inputenc
   defining Unicode char U+00A4 (decimal 164)
   defining Unicode char U+00A7 (decimal 167)
   defining Unicode char U+00AB (decimal 171)
   defining Unicode char U+00BB (decimal 187)
   defining Unicode char U+0131 (decimal 305)
   defining Unicode char U+0400 (decimal 1024)
   defining Unicode char U+0401 (decimal 1025)
   defining Unicode char U+0402 (decimal 1026)
   defining Unicode char U+0403 (decimal 1027)
   defining Unicode char U+0404 (decimal 1028)
   defining Unicode char U+0405 (decimal 1029)
   defining Unicode char U+0406 (decimal 1030)
   defining Unicode char U+0407 (decimal 1031)
   defining Unicode char U+0408 (decimal 1032)
   defining Unicode char U+0409 (decimal 1033)
   defining Unicode char U+040A (decimal 1034)
   defining Unicode char U+040B (decimal 1035)
   defining Unicode char U+040C (decimal 1036)
   defining Unicode char U+040D (decimal 1037)
   defining Unicode char U+040E (decimal 1038)
   defining Unicode char U+040F (decimal 1039)
   defining Unicode char U+0410 (decimal 1040)
   defining Unicode char U+0411 (decimal 1041)
   defining Unicode char U+0412 (decimal 1042)
   defining Unicode char U+0413 (decimal 1043)
   defining Unicode char U+0414 (decimal 1044)
   defining Unicode char U+0415 (decimal 1045)
   defining Unicode char U+0416 (decimal 1046)
   defining Unicode char U+0417 (decimal 1047)
   defining Unicode char U+0418 (decimal 1048)
   defining Unicode char U+0419 (decimal 1049)
   defining Unicode char U+041A (decimal 1050)
   defining Unicode char U+041B (decimal 1051)
   defining Unicode char U+041C (decimal 1052)
   defining Unicode char U+041D (decimal 1053)
   defining Unicode char U+041E (decimal 1054)
   defining Unicode char U+041F (decimal 1055)
   defining Unicode char U+0420 (decimal 1056)
   defining Unicode char U+0421 (decimal 1057)
   defining Unicode char U+0422 (decimal 1058)
   defining Unicode char U+0423 (decimal 1059)
   defining Unicode char U+0424 (decimal 1060)
   defining Unicode char U+0425 (decimal 1061)
   defining Unicode char U+0426 (decimal 1062)
   defining Unicode char U+0427 (decimal 1063)
   defining Unicode char U+0428 (decimal 1064)
   defining Unicode char U+0429 (decimal 1065)
   defining Unicode char U+042A (decimal 1066)
   defining Unicode char U+042B (decimal 1067)
   defining Unicode char U+042C (decimal 1068)
   defining Unicode char U+042D (decimal 1069)
   defining Unicode char U+042E (decimal 1070)
   defining Unicode char U+042F (decimal 1071)
   defining Unicode char U+0430 (decimal 1072)
   defining Unicode char U+0431 (decimal 1073)
   defining Unicode char U+0432 (decimal 1074)
   defining Unicode char U+0433 (decimal 1075)
   defining Unicode char U+0434 (decimal 1076)
   defining Unicode char U+0435 (decimal 1077)
   defining Unicode char U+0436 (decimal 1078)
   defining Unicode char U+0437 (decimal 1079)
   defining Unicode char U+0438 (decimal 1080)
   defining Unicode char U+0439 (decimal 1081)
   defining Unicode char U+043A (decimal 1082)
   defining Unicode char U+043B (decimal 1083)
   defining Unicode char U+043C (decimal 1084)
   defining Unicode char U+043D (decimal 1085)
   defining Unicode char U+043E (decimal 1086)
   defining Unicode char U+043F (decimal 1087)
   defining Unicode char U+0440 (decimal 1088)
   defining Unicode char U+0441 (decimal 1089)
   defining Unicode char U+0442 (decimal 1090)
   defining Unicode char U+0443 (decimal 1091)
   defining Unicode char U+0444 (decimal 1092)
   defining Unicode char U+0445 (decimal 1093)
   defining Unicode char U+0446 (decimal 1094)
   defining Unicode char U+0447 (decimal 1095)
   defining Unicode char U+0448 (decimal 1096)
   defining Unicode char U+0449 (decimal 1097)
   defining Unicode char U+044A (decimal 1098)
   defining Unicode char U+044B (decimal 1099)
   defining Unicode char U+044C (decimal 1100)
   defining Unicode char U+044D (decimal 1101)
   defining Unicode char U+044E (decimal 1102)
   defining Unicode char U+044F (decimal 1103)
   defining Unicode char U+0450 (decimal 1104)
   defining Unicode char U+0451 (decimal 1105)
   defining Unicode char U+0452 (decimal 1106)
   defining Unicode char U+0453 (decimal 1107)
   defining Unicode char U+0454 (decimal 1108)
   defining Unicode char U+0455 (decimal 1109)
   defining Unicode char U+0456 (decimal 1110)
   defining Unicode char U+0457 (decimal 1111)
   defining Unicode char U+0458 (decimal 1112)
   defining Unicode char U+0459 (decimal 1113)
   defining Unicode char U+045A (decimal 1114)
   defining Unicode char U+045B (decimal 1115)
   defining Unicode char U+045C (decimal 1116)
   defining Unicode char U+045D (decimal 1117)
   defining Unicode char U+045E (decimal 1118)
   defining Unicode char U+045F (decimal 1119)
   defining Unicode char U+0490 (decimal 1168)
   defining Unicode char U+0491 (decimal 1169)
   defining Unicode char U+0492 (decimal 1170)
   defining Unicode char U+0493 (decimal 1171)
   defining Unicode char U+0496 (decimal 1174)
   defining Unicode char U+0497 (decimal 1175)
   defining Unicode char U+0498 (decimal 1176)
   defining Unicode char U+0499 (decimal 1177)
   defining Unicode char U+049A (decimal 1178)
   defining Unicode char U+049B (decimal 1179)
   defining Unicode char U+049C (decimal 1180)
   defining Unicode char U+049D (decimal 1181)
   defining Unicode char U+04A0 (decimal 1184)
   defining Unicode char U+04A1 (decimal 1185)
   defining Unicode char U+04A2 (decimal 1186)
   defining Unicode char U+04A3 (decimal 1187)
   defining Unicode char U+04A4 (decimal 1188)
   defining Unicode char U+04A5 (decimal 1189)
   defining Unicode char U+04AA (decimal 1194)
   defining Unicode char U+04AB (decimal 1195)
   defining Unicode char U+04AE (decimal 1198)
   defining Unicode char U+04AF (decimal 1199)
   defining Unicode char U+04B0 (decimal 1200)
   defining Unicode char U+04B1 (decimal 1201)
   defining Unicode char U+04B2 (decimal 1202)
   defining Unicode char U+04B3 (decimal 1203)
   defining Unicode char U+04B6 (decimal 1206)
   defining Unicode char U+04B7 (decimal 1207)
   defining Unicode char U+04B8 (decimal 1208)
   defining Unicode char U+04B9 (decimal 1209)
   defining Unicode char U+04BA (decimal 1210)
   defining Unicode char U+04BB (decimal 1211)
   defining Unicode char U+04C0 (decimal 1216)
   defining Unicode char U+04C1 (decimal 1217)
   defining Unicode char U+04C2 (decimal 1218)
   defining Unicode char U+04D0 (decimal 1232)
   defining Unicode char U+04D1 (decimal 1233)
   defining Unicode char U+04D2 (decimal 1234)
   defining Unicode char U+04D3 (decimal 1235)
   defining Unicode char U+04D4 (decimal 1236)
   defining Unicode char U+04D5 (decimal 1237)
   defining Unicode char U+04D6 (decimal 1238)
   defining Unicode char U+04D7 (decimal 1239)
   defining Unicode char U+04D8 (decimal 1240)
   defining Unicode char U+04D9 (decimal 1241)
   defining Unicode char U+04DA (decimal 1242)
   defining Unicode char U+04DB (decimal 1243)
   defining Unicode char U+04DC (decimal 1244)
   defining Unicode char U+04DD (decimal 1245)
   defining Unicode char U+04DE (decimal 1246)
   defining Unicode char U+04DF (decimal 1247)
   defining Unicode char U+04E2 (decimal 1250)
   defining Unicode char U+04E3 (decimal 1251)
   defining Unicode char U+04E4 (decimal 1252)
   defining Unicode char U+04E5 (decimal 1253)
   defining Unicode char U+04E6 (decimal 1254)
   defining Unicode char U+04E7 (decimal 1255)
   defining Unicode char U+04E8 (decimal 1256)
   defining Unicode char U+04E9 (decimal 1257)
   defining Unicode char U+04EC (decimal 1260)
   defining Unicode char U+04ED (decimal 1261)
   defining Unicode char U+04EE (decimal 1262)
   defining Unicode char U+04EF (decimal 1263)
   defining Unicode char U+04F0 (decimal 1264)
   defining Unicode char U+04F1 (decimal 1265)
   defining Unicode char U+04F2 (decimal 1266)
   defining Unicode char U+04F3 (decimal 1267)
   defining Unicode char U+04F4 (decimal 1268)
   defining Unicode char U+04F5 (decimal 1269)
   defining Unicode char U+04F8 (decimal 1272)
   defining Unicode char U+04F9 (decimal 1273)
   defining Unicode char U+200C (decimal 8204)
   defining Unicode char U+2013 (decimal 8211)
   defining Unicode char U+2014 (decimal 8212)
   defining Unicode char U+2018 (decimal 8216)
   defining Unicode char U+2019 (decimal 8217)
   defining Unicode char U+201C (decimal 8220)
   defining Unicode char U+201D (decimal 8221)
   defining Unicode char U+201E (decimal 8222)
   defining Unicode char U+2030 (decimal 8240)
   defining Unicode char U+2031 (decimal 8241)
   defining Unicode char U+2116 (decimal 8470)
   defining Unicode char U+2329 (decimal 9001)
   defining Unicode char U+232A (decimal 9002)
   defining Unicode char U+2423 (decimal 9251)
))
Package babel Info: Making " an active character on input line 120.
Package babel Info: Default for \cyrdash is provided on input line 157.
))
(/usr/local/texlive/2018/texmf-dist/tex/latex/base/fontenc.sty
Package: fontenc 2017/04/05 v2.0i Standard LaTeX package

(/usr/local/texlive/2018/texmf-dist/tex/latex/cyrillic/t2aenc.def
File: t2aenc.def 2005/09/27 v1.0i Cyrillic encoding definition file
LaTeX Font Info:    Redeclaring font encoding T2A on input line 42.
)
(/usr/local/texlive/2018/texmf-dist/tex/latex/base/t1enc.def
File: t1enc.def 2017/04/05 v2.0i Standard LaTeX file
LaTeX Font Info:    Redeclaring font encoding T1 on input line 48.
))
(/usr/local/texlive/2018/texmf-dist/tex/latex/amsmath/amsmath.sty
Package: amsmath 2017/09/02 v2.17a AMS math features
\@mathmargin=\skip43

For additional information on amsmath, use the `?' option.
(/usr/local/texlive/2018/texmf-dist/tex/latex/amsmath/amstext.sty
Package: amstext 2000/06/29 v2.01 AMS text

(/usr/local/texlive/2018/texmf-dist/tex/latex/amsmath/amsgen.sty
File: amsgen.sty 1999/11/30 v2.0 generic functions
\@emptytoks=\toks16
\ex@=\dimen104
))
(/usr/local/texlive/2018/texmf-dist/tex/latex/amsmath/amsbsy.sty
Package: amsbsy 1999/11/29 v1.2d Bold Symbols
\pmbraise@=\dimen105
)
(/usr/local/texlive/2018/texmf-dist/tex/latex/amsmath/amsopn.sty
Package: amsopn 2016/03/08 v2.02 operator names
)
\inf@bad=\count90
LaTeX Info: Redefining \frac on input line 213.
\uproot@=\count91
\leftroot@=\count92
LaTeX Info: Redefining \overline on input line 375.
\classnum@=\count93
\DOTSCASE@=\count94
LaTeX Info: Redefining \ldots on input line 472.
LaTeX Info: Redefining \dots on input line 475.
LaTeX Info: Redefining \cdots on input line 596.
\Mathstrutbox@=\box26
\strutbox@=\box27
\big@size=\dimen106
LaTeX Font Info:    Redeclaring font encoding OML on input line 712.
LaTeX Font Info:    Redeclaring font encoding OMS on input line 713.
\macc@depth=\count95
\c@MaxMatrixCols=\count96
\dotsspace@=\muskip10
\c@parentequation=\count97
\dspbrk@lvl=\count98
\tag@help=\toks17
\row@=\count99
\column@=\count100
\maxfields@=\count101
\andhelp@=\toks18
\eqnshift@=\dimen107
\alignsep@=\dimen108
\tagshift@=\dimen109
\tagwidth@=\dimen110
\totwidth@=\dimen111
\lineht@=\dimen112
\@envbody=\toks19
\multlinegap=\skip44
\multlinetaggap=\skip45
\mathdisplay@stack=\toks20
LaTeX Info: Redefining \[ on input line 2817.
LaTeX Info: Redefining \] on input line 2818.
)
(/usr/local/texlive/2018/texmf-dist/tex/latex/amsfonts/amsfonts.sty
Package: amsfonts 2013/01/14 v3.01 Basic AMSFonts support
\symAMSa=\mathgroup4
\symAMSb=\mathgroup5
LaTeX Font Info:    Overwriting math alphabet `\mathfrak' in version `bold'
(Font)                  U/euf/m/n --> U/euf/b/n on input line 106.
)
(/usr/local/texlive/2018/texmf-dist/tex/latex/amsfonts/amssymb.sty
Package: amssymb 2013/01/14 v3.01 AMS font symbols
)
(/usr/local/texlive/2018/texmf-dist/tex/latex/graphics/graphicx.sty
Package: graphicx 2017/06/01 v1.1a Enhanced LaTeX Graphics (DPC,SPQR)

(/usr/local/texlive/2018/texmf-dist/tex/latex/graphics/keyval.sty
Package: keyval 2014/10/28 v1.15 key=value parser (DPC)
\KV@toks@=\toks21
)
(/usr/local/texlive/2018/texmf-dist/tex/latex/graphics/graphics.sty
Package: graphics 2017/06/25 v1.2c Standard LaTeX Graphics (DPC,SPQR)

(/usr/local/texlive/2018/texmf-dist/tex/latex/graphics/trig.sty
Package: trig 2016/01/03 v1.10 sin cos tan (DPC)
)
(/usr/local/texlive/2018/texmf-dist/tex/latex/graphics-cfg/graphics.cfg
File: graphics.cfg 2016/06/04 v1.11 sample graphics configuration
)
Package graphics Info: Driver file: pdftex.def on input line 99.

(/usr/local/texlive/2018/texmf-dist/tex/latex/graphics-def/pdftex.def
File: pdftex.def 2018/01/08 v1.0l Graphics/color driver for pdftex
))
\Gin@req@height=\dimen113
\Gin@req@width=\dimen114
)
(/usr/local/texlive/2018/texmf-dist/tex/latex/hyperref/hyperref.sty
Package: hyperref 2018/02/06 v6.86b Hypertext links for LaTeX

(/usr/local/texlive/2018/texmf-dist/tex/generic/oberdiek/hobsub-hyperref.sty
Package: hobsub-hyperref 2016/05/16 v1.14 Bundle oberdiek, subset hyperref (HO)


(/usr/local/texlive/2018/texmf-dist/tex/generic/oberdiek/hobsub-generic.sty
Package: hobsub-generic 2016/05/16 v1.14 Bundle oberdiek, subset generic (HO)
Package: hobsub 2016/05/16 v1.14 Construct package bundles (HO)
Package: infwarerr 2016/05/16 v1.4 Providing info/warning/error messages (HO)
Package: ltxcmds 2016/05/16 v1.23 LaTeX kernel commands for general use (HO)
Package: ifluatex 2016/05/16 v1.4 Provides the ifluatex switch (HO)
Package ifluatex Info: LuaTeX not detected.
Package: ifvtex 2016/05/16 v1.6 Detect VTeX and its facilities (HO)
Package ifvtex Info: VTeX not detected.
Package: intcalc 2016/05/16 v1.2 Expandable calculations with integers (HO)
Package: ifpdf 2017/03/15 v3.2 Provides the ifpdf switch
Package: etexcmds 2016/05/16 v1.6 Avoid name clashes with e-TeX commands (HO)
Package etexcmds Info: Could not find \expanded.
(etexcmds)             That can mean that you are not using pdfTeX 1.50 or
(etexcmds)             that some package has redefined \expanded.
(etexcmds)             In the latter case, load this package earlier.
Package: kvsetkeys 2016/05/16 v1.17 Key value parser (HO)
Package: kvdefinekeys 2016/05/16 v1.4 Define keys (HO)
Package: pdftexcmds 2018/01/30 v0.27 Utility functions of pdfTeX for LuaTeX (HO
)
Package pdftexcmds Info: LuaTeX not detected.
Package pdftexcmds Info: \pdf@primitive is available.
Package pdftexcmds Info: \pdf@ifprimitive is available.
Package pdftexcmds Info: \pdfdraftmode found.
Package: pdfescape 2016/05/16 v1.14 Implements pdfTeX's escape features (HO)
Package: bigintcalc 2016/05/16 v1.4 Expandable calculations on big integers (HO
)
Package: bitset 2016/05/16 v1.2 Handle bit-vector datatype (HO)
Package: uniquecounter 2016/05/16 v1.3 Provide unlimited unique counter (HO)
)
Package hobsub Info: Skipping package `hobsub' (already loaded).
Package: letltxmacro 2016/05/16 v1.5 Let assignment for LaTeX macros (HO)
Package: hopatch 2016/05/16 v1.3 Wrapper for package hooks (HO)
Package: xcolor-patch 2016/05/16 xcolor patch
Package: atveryend 2016/05/16 v1.9 Hooks at the very end of document (HO)
Package atveryend Info: \enddocument detected (standard20110627).
Package: atbegshi 2016/06/09 v1.18 At begin shipout hook (HO)
Package: refcount 2016/05/16 v3.5 Data extraction from label references (HO)
Package: hycolor 2016/05/16 v1.8 Color options for hyperref/bookmark (HO)
)
(/usr/local/texlive/2018/texmf-dist/tex/generic/ifxetex/ifxetex.sty
Package: ifxetex 2010/09/12 v0.6 Provides ifxetex conditional
)
(/usr/local/texlive/2018/texmf-dist/tex/latex/oberdiek/auxhook.sty
Package: auxhook 2016/05/16 v1.4 Hooks for auxiliary files (HO)
)
(/usr/local/texlive/2018/texmf-dist/tex/latex/oberdiek/kvoptions.sty
Package: kvoptions 2016/05/16 v3.12 Key value format for package options (HO)
)
\@linkdim=\dimen115
\Hy@linkcounter=\count102
\Hy@pagecounter=\count103

(/usr/local/texlive/2018/texmf-dist/tex/latex/hyperref/pd1enc.def
File: pd1enc.def 2018/02/06 v6.86b Hyperref: PDFDocEncoding definition (HO)
Now handling font encoding PD1 ...
... no UTF-8 mapping file for font encoding PD1
)
\Hy@SavedSpaceFactor=\count104
Package hyperref Info: Option `unicode' set `true' on input line 3456.

(/usr/local/texlive/2018/texmf-dist/tex/latex/hyperref/puenc.def
File: puenc.def 2018/02/06 v6.86b Hyperref: PDF Unicode definition (HO)
Now handling font encoding PU ...
... no UTF-8 mapping file for font encoding PU
)
(/usr/local/texlive/2018/texmf-dist/tex/latex/latexconfig/hyperref.cfg
File: hyperref.cfg 2002/06/06 v1.2 hyperref configuration of TeXLive
)
Package hyperref Info: Hyper figures OFF on input line 4509.
Package hyperref Info: Link nesting OFF on input line 4514.
Package hyperref Info: Hyper index ON on input line 4517.
Package hyperref Info: Plain pages OFF on input line 4524.
Package hyperref Info: Backreferencing OFF on input line 4529.
Package hyperref Info: Implicit mode ON; LaTeX internals redefined.
Package hyperref Info: Bookmarks ON on input line 4762.
\c@Hy@tempcnt=\count105

(/usr/local/texlive/2018/texmf-dist/tex/latex/url/url.sty
\Urlmuskip=\muskip11
Package: url 2013/09/16  ver 3.4  Verb mode for urls, etc.
)
LaTeX Info: Redefining \url on input line 5115.
\XeTeXLinkMargin=\dimen116
\Fld@menulength=\count106
\Field@Width=\dimen117
\Fld@charsize=\dimen118
Package hyperref Info: Hyper figures OFF on input line 6369.
Package hyperref Info: Link nesting OFF on input line 6374.
Package hyperref Info: Hyper index ON on input line 6377.
Package hyperref Info: backreferencing OFF on input line 6384.
Package hyperref Info: Link coloring OFF on input line 6389.
Package hyperref Info: Link coloring with OCG OFF on input line 6394.
Package hyperref Info: PDF/A mode OFF on input line 6399.
LaTeX Info: Redefining \ref on input line 6439.
LaTeX Info: Redefining \pageref on input line 6443.
\Hy@abspage=\count107
\c@Item=\count108
\c@Hfootnote=\count109
)
Package hyperref Info: Driver (autodetected): hpdftex.

(/usr/local/texlive/2018/texmf-dist/tex/latex/hyperref/hpdftex.def
File: hpdftex.def 2018/02/06 v6.86b Hyperref driver for pdfTeX
\Fld@listcount=\count110
\c@bookmark@seq@number=\count111

(/usr/local/texlive/2018/texmf-dist/tex/latex/oberdiek/rerunfilecheck.sty
Package: rerunfilecheck 2016/05/16 v1.8 Rerun checks for auxiliary files (HO)
Package uniquecounter Info: New unique counter `rerunfilecheck' on input line 2
82.
)
\Hy@SectionHShift=\skip46
)
(/usr/local/texlive/2018/texmf-dist/tex/latex/cite/cite.sty
LaTeX Info: Redefining \cite on input line 302.
LaTeX Info: Redefining \nocite on input line 332.
Package: cite 2015/02/27  v 5.5
)
(/usr/local/texlive/2018/texmf-dist/tex/latex/graphics/color.sty
Package: color 2016/07/10 v1.1e Standard LaTeX Color (DPC)

(/usr/local/texlive/2018/texmf-dist/tex/latex/graphics-cfg/color.cfg
File: color.cfg 2016/01/02 v1.6 sample color configuration
)
Package color Info: Driver file: pdftex.def on input line 147.
)
(/usr/local/texlive/2018/texmf-dist/tex/latex/listings/listings.sty
\lst@mode=\count112
\lst@gtempboxa=\box28
\lst@token=\toks22
\lst@length=\count113
\lst@currlwidth=\dimen119
\lst@column=\count114
\lst@pos=\count115
\lst@lostspace=\dimen120
\lst@width=\dimen121
\lst@newlines=\count116
\lst@lineno=\count117
\lst@maxwidth=\dimen122

(/usr/local/texlive/2018/texmf-dist/tex/latex/listings/lstmisc.sty
File: lstmisc.sty 2015/06/04 1.6 (Carsten Heinz)
\c@lstnumber=\count118
\lst@skipnumbers=\count119
\lst@framebox=\box29
)
(/usr/local/texlive/2018/texmf-dist/tex/latex/listings/listings.cfg
File: listings.cfg 2015/06/04 1.6 listings configuration
))
Package: listings 2015/06/04 1.6 (Carsten Heinz)

(/usr/local/texlive/2018/texmf-dist/tex/latex/tools/bm.sty
Package: bm 2017/01/16 v1.2c Bold Symbol Support (DPC/FMi)
\symboldoperators=\mathgroup6
\symboldletters=\mathgroup7
\symboldsymbols=\mathgroup8
LaTeX Font Info:    Redeclaring math alphabet \mathbf on input line 141.
LaTeX Info: Redefining \bm on input line 207.
)
(/usr/local/texlive/2018/texmf-dist/tex/latex/caption/caption.sty
Package: caption 2016/02/21 v3.3-144 Customizing captions (AR)

(/usr/local/texlive/2018/texmf-dist/tex/latex/caption/caption3.sty
Package: caption3 2016/05/22 v1.7-166 caption3 kernel (AR)
Package caption3 Info: TeX engine: e-TeX on input line 67.
\captionmargin=\dimen123
\captionmargin@=\dimen124
\captionwidth=\dimen125
\caption@tempdima=\dimen126
\caption@indent=\dimen127
\caption@parindent=\dimen128
\caption@hangindent=\dimen129
)
\c@ContinuedFloat=\count120
Package caption Info: hyperref package is loaded.
Package caption Info: listings package is loaded.
)
(/usr/local/texlive/2018/texmf-dist/tex/latex/geometry/geometry.sty
Package: geometry 2018/03/24 v5.7 Page Geometry
\Gm@cnth=\count121
\Gm@cntv=\count122
\c@Gm@tempcnt=\count123
\Gm@bindingoffset=\dimen130
\Gm@wd@mp=\dimen131
\Gm@odd@mp=\dimen132
\Gm@even@mp=\dimen133
\Gm@layoutwidth=\dimen134
\Gm@layoutheight=\dimen135
\Gm@layouthoffset=\dimen136
\Gm@layoutvoffset=\dimen137
\Gm@dimlist=\toks23
)
(./–¥–∏–ø–ª–æ–º_—à–∞–±–ª–æ–Ω.aux
LaTeX Font Info:    Try loading font information for T2A+cmr on input line 20.

(/usr/local/texlive/2018/texmf-dist/tex/latex/cyrillic/t2acmr.fd
File: t2acmr.fd 2001/08/11 v1.0a Computer Modern Cyrillic font definitions
)

LaTeX Warning: Label `f10' multiply defined.


LaTeX Warning: Label `link1' multiply defined.

)
\openout1 = `–¥–∏–ø–ª–æ–º_—à–∞–±–ª–æ–Ω.aux'.

LaTeX Font Info:    Checking defaults for OML/cmm/m/it on input line 25.
LaTeX Font Info:    ... okay on input line 25.
LaTeX Font Info:    Checking defaults for T1/cmr/m/n on input line 25.
LaTeX Font Info:    ... okay on input line 25.
LaTeX Font Info:    Checking defaults for OT1/cmr/m/n on input line 25.
LaTeX Font Info:    ... okay on input line 25.
LaTeX Font Info:    Checking defaults for OMS/cmsy/m/n on input line 25.
LaTeX Font Info:    ... okay on input line 25.
LaTeX Font Info:    Checking defaults for OMX/cmex/m/n on input line 25.
LaTeX Font Info:    ... okay on input line 25.
LaTeX Font Info:    Checking defaults for U/cmr/m/n on input line 25.
LaTeX Font Info:    ... okay on input line 25.
LaTeX Font Info:    Checking defaults for T2A/cmr/m/n on input line 25.
LaTeX Font Info:    ... okay on input line 25.
LaTeX Font Info:    Checking defaults for PD1/pdf/m/n on input line 25.
LaTeX Font Info:    ... okay on input line 25.
LaTeX Font Info:    Checking defaults for PU/pdf/m/n on input line 25.
LaTeX Font Info:    ... okay on input line 25.
 (/usr/local/texlive/2018/texmf-dist/tex/context/base/mkii/supp-pdf.mkii
[Loading MPS to PDF converter (version 2006.09.02).]
\scratchcounter=\count124
\scratchdimen=\dimen138
\scratchbox=\box30
\nofMPsegments=\count125
\nofMParguments=\count126
\everyMPshowfont=\toks24
\MPscratchCnt=\count127
\MPscratchDim=\dimen139
\MPnumerator=\count128
\makeMPintoPDFobject=\count129
\everyMPtoPDFconversion=\toks25
) (/usr/local/texlive/2018/texmf-dist/tex/latex/oberdiek/epstopdf-base.sty
Package: epstopdf-base 2016/05/15 v2.6 Base part for package epstopdf

(/usr/local/texlive/2018/texmf-dist/tex/latex/oberdiek/grfext.sty
Package: grfext 2016/05/16 v1.2 Manage graphics extensions (HO)
)
Package epstopdf-base Info: Redefining graphics rule for `.eps' on input line 4
38.
Package grfext Info: Graphics extension search list:
(grfext)             [.pdf,.png,.jpg,.mps,.jpeg,.jbig2,.jb2,.PDF,.PNG,.JPG,.JPE
G,.JBIG2,.JB2,.eps]
(grfext)             \AppendGraphicsExtensions on input line 456.

(/usr/local/texlive/2018/texmf-dist/tex/latex/latexconfig/epstopdf-sys.cfg
File: epstopdf-sys.cfg 2010/07/13 v1.3 Configuration of (r)epstopdf for TeX Liv
e
))
\AtBeginShipoutBox=\box31
Package hyperref Info: Link coloring OFF on input line 25.

(/usr/local/texlive/2018/texmf-dist/tex/latex/hyperref/nameref.sty
Package: nameref 2016/05/21 v2.44 Cross-referencing by name of section

(/usr/local/texlive/2018/texmf-dist/tex/generic/oberdiek/gettitlestring.sty
Package: gettitlestring 2016/05/16 v1.5 Cleanup title references (HO)
)
\c@section@level=\count130
)
LaTeX Info: Redefining \ref on input line 25.
LaTeX Info: Redefining \pageref on input line 25.
LaTeX Info: Redefining \nameref on input line 25.

(./–¥–∏–ø–ª–æ–º_—à–∞–±–ª–æ–Ω.out) (./–¥–∏–ø–ª–æ–º_—à–∞–±–ª–æ–Ω.out)
\@outlinefile=\write3
\openout3 = `–¥–∏–ø–ª–æ–º_—à–∞–±–ª–æ–Ω.out'.

\c@lstlisting=\count131
Package caption Info: Begin \AtBeginDocument code.
Package caption Info: End \AtBeginDocument code.

*geometry* driver: auto-detecting
*geometry* detected driver: pdftex
*geometry* verbose mode - [ preamble ] result:
* driver: pdftex
* paper: a4paper
* layout: <same size as paper>
* layoutoffset:(h,v)=(0.0pt,0.0pt)
* modes: 
* h-part:(L,W,R)=(85.35826pt, 483.69687pt, 28.45274pt)
* v-part:(T,H,B)=(71.13188pt, 702.78308pt, 71.13188pt)
* \paperwidth=597.50787pt
* \paperheight=845.04684pt
* \textwidth=483.69687pt
* \textheight=702.78308pt
* \oddsidemargin=13.08827pt
* \evensidemargin=13.08827pt
* \topmargin=-38.1381pt
* \headheight=12.0pt
* \headsep=25.0pt
* \topskip=12.0pt
* \footskip=30.0pt
* \marginparwidth=44.0pt
* \marginparsep=10.0pt
* \columnsep=10.0pt
* \skip\footins=10.8pt plus 4.0pt minus 2.0pt
* \hoffset=0.0pt
* \voffset=0.0pt
* \mag=1000
* \@twocolumnfalse
* \@twosidefalse
* \@mparswitchfalse
* \@reversemarginfalse
* (1in=72.27pt=25.4mm, 1cm=28.453pt)


! Package inputenc Error: Unicode character ‚Ç¨ (U+20AC)
(inputenc)                not set up for use with LaTeX.

See the inputenc package documentation for explanation.
Type  H <return>  for immediate help.
 ...                                              
                                                  
l.36 ...–µ –≤—ã—Å—à–µ–≥–æ –æ–±—Ä–∞–∑–æ–≤–∞–Ω–∏‚Ç¨}
                                                  
You may provide a definition with
\DeclareUnicodeCharacter 


! Package inputenc Error: Unicode character ‚àö (U+221A)
(inputenc)                not set up for use with LaTeX.

See the inputenc package documentation for explanation.
Type  H <return>  for immediate help.
 ...                                              
                                                  
l.38 ...–∏—Ç–µ—Ç –∏–º. —ï.‚àö. ∆í–µ–º–∏–¥–æ–≤–∞—ó}
                                                  
You may provide a definition with
\DeclareUnicodeCharacter 


! Package inputenc Error: Unicode character ∆í (U+192)
(inputenc)                not set up for use with LaTeX.

See the inputenc package documentation for explanation.
Type  H <return>  for immediate help.
 ...                                              
                                                  
l.38 ...–∏—Ç–µ—Ç –∏–º. —ï.‚àö. ∆í–µ–º–∏–¥–æ–≤–∞—ó}
                                                  
You may provide a definition with
\DeclareUnicodeCharacter 


! Package inputenc Error: Unicode character ‚Ç¨ (U+20AC)
(inputenc)                not set up for use with LaTeX.

See the inputenc package documentation for explanation.
Type  H <return>  for immediate help.
 ...                                              
                                                  
l.45 			¬†—É—Ä—Å–æ–≤–∞‚Ç¨
                          —Ä–∞–±–æ—Ç–∞ \\
You may provide a definition with
\DeclareUnicodeCharacter 


! Package inputenc Error: Unicode character ¬¨ (U+AC)
(inputenc)                not set up for use with LaTeX.

See the inputenc package documentation for explanation.
Type  H <return>  for immediate help.
 ...                                              
                                                  
l.46 ...—Ä–∞–∫—Ç–µ—Ä–∏—Å—Ç–∏–∫ —Å–∏–º–ø–ª–µ–∫—Å–∞}
                                                   \\
You may provide a definition with
\DeclareUnicodeCharacter 


! Package inputenc Error: Unicode character ‚Ç¨ (U+20AC)
(inputenc)                not set up for use with LaTeX.

See the inputenc package documentation for explanation.
Type  H <return>  for immediate help.
 ...                                              
                                                  
l.47 ...å–Ω–æ—Å—Ç—å 01.03.02 —ï—Ä–∏–∫–ª–∞–¥–Ω–∞‚Ç¨
                                                   –º–∞—Ç–µ–º–∞—Ç–∏–∫–∞ –∏ –...

You may provide a definition with
\DeclareUnicodeCharacter 

LaTeX Font Info:    Try loading font information for U+msa on input line 58.
(/usr/local/texlive/2018/texmf-dist/tex/latex/amsfonts/umsa.fd
File: umsa.fd 2013/01/14 v3.01 AMS symbols A
)
LaTeX Font Info:    Try loading font information for U+msb on input line 58.

(/usr/local/texlive/2018/texmf-dist/tex/latex/amsfonts/umsb.fd
File: umsb.fd 2013/01/14 v3.01 AMS symbols B
)
Package babel Info: Redefining russian shorthand "|
(babel)             in language  on input line 71.
Package babel Info: Redefining russian shorthand "~
(babel)             in language  on input line 71.
Package babel Info: Redefining russian shorthand "|
(babel)             in language  on input line 71.
Package babel Info: Redefining russian shorthand "~
(babel)             in language  on input line 71.
 [1

{/usr/local/texlive/2018/texmf-var/fonts/map/pdftex/updmap/pdftex.map}]
(./–¥–∏–ø–ª–æ–º_—à–∞–±–ª–æ–Ω.toc

! Package inputenc Error: Unicode character \GenericError {(inputenc)          
      }{Package inputenc Error: Unicode character ¬¨ (U+AC)
(inputenc) not set up for use with LaTeX}{See the inputenc package documentatio
n for explanation.}{You may provide a definition with
(inputenc) \DeclareUnicodeCharacter } (U+AC)
(inputenc) not set up for use with LaTeX.

See the inputenc package documentation for explanation.
Type  H <return>  for immediate help.
 ...                                              
                                                  
l.2 ... }\IeC {\cyri }\IeC {\cyre }}{2}{section.1}
                                                  
You may provide a definition with
\GenericError { }{LaTeX Error: Can be used only in preamble}{See the LaTeX manu
al or LaTeX Companion for explanation.}{Your command was ignored.
Type I <command> <return> to replace it with another command,
or <return> to continue without it.}


! Package inputenc Error: Unicode character \GenericError {(inputenc)          
      }{Package inputenc Error: Unicode character ¬¨ (U+AC)
(inputenc) not set up for use with LaTeX}{See the inputenc package documentatio
n for explanation.}{You may provide a definition with
(inputenc) \DeclareUnicodeCharacter } (U+AC)
(inputenc) not set up for use with LaTeX.

See the inputenc package documentation for explanation.
Type  H <return>  for immediate help.
 ...                                              
                                                  
l.10 ...}\IeC {\cyra } $\xi (C; S)$}{4}{section.2}
                                                  
You may provide a definition with
\GenericError { }{LaTeX Error: Can be used only in preamble}{See the LaTeX manu
al or LaTeX Companion for explanation.}{Your command was ignored.
Type I <command> <return> to replace it with another command,
or <return> to continue without it.}

)
\tf@toc=\write4
\openout4 = `–¥–∏–ø–ª–æ–º_—à–∞–±–ª–æ–Ω.toc'.

Package babel Info: Redefining russian shorthand "|
(babel)             in language  on input line 74.
Package babel Info: Redefining russian shorthand "~
(babel)             in language  on input line 74.
Package babel Info: Redefining russian shorthand "|
(babel)             in language  on input line 74.
Package babel Info: Redefining russian shorthand "~
(babel)             in language  on input line 74.
pdfTeX warning (ext4): destination with the same identifier (name{page.1}) has 
been already used, duplicate ignored
<to be read again> 
                   \relax 
l.74 \newpage
              [1]

! Package inputenc Error: Unicode character ¬¨ (U+AC)
(inputenc)                not set up for use with LaTeX.

See the inputenc package documentation for explanation.
Type  H <return>  for immediate help.
 ...                                              
                                                  
l.75 \section{¬¨–≤–µ–¥–µ–Ω–∏–µ}
                               
You may provide a definition with
\DeclareUnicodeCharacter 

Package babel Info: Redefining russian shorthand "|
(babel)             in language  on input line 75.
Package babel Info: Redefining russian shorthand "~
(babel)             in language  on input line 75.

! Package inputenc Error: Unicode character ¬¨ (U+AC)
(inputenc)                not set up for use with LaTeX.

See the inputenc package documentation for explanation.
Type  H <return>  for immediate help.
 ...                                              
                                                  
l.77 \subparagraph{}¬¨
                       –¥–∞–Ω–Ω–æ–π –∫—É—Ä—Å–æ–≤–æ–π —Ä–∞–±–æ—Ç–µ, —Å –ø–æ–º...

You may provide a definition with
\DeclareUnicodeCharacter 


! Package inputenc Error: Unicode character ‚Ç¨ (U+20AC)
(inputenc)                not set up for use with LaTeX.

See the inputenc package documentation for explanation.
Type  H <return>  for immediate help.
 ...                                              
                                                  
l.77 ...–≥—Ä–∞–º–º—ã –Ω–∞–ø–∏—Å–∞–Ω–Ω–æ–π –Ω–∞ ‚Ç¨
                                                  –∑—ã–∫–µ $C\#$, –±—É–¥—É—Ç...

You may provide a definition with
\DeclareUnicodeCharacter 


! Package inputenc Error: Unicode character ‚Ç¨ (U+20AC)
(inputenc)                not set up for use with LaTeX.

See the inputenc package documentation for explanation.
Type  H <return>  for immediate help.
 ...                                              
                                                  
l.78 ..._1, \dots , e_n$ –æ–±–æ–∑–Ω–∞—á–∞–µ—Ç—Å‚Ç¨
                                                   –∫–∞–Ω–æ–Ω–∏—á–µ—Å–∫–∏–π ...

You may provide a definition with
\DeclareUnicodeCharacter 


! Package inputenc Error: Unicode character ∆í (U+192)
(inputenc)                not set up for use with LaTeX.

See the inputenc package documentation for explanation.
Type  H <return>  for immediate help.
 ...                                              
                                                  
l.78 ...n}$; c—á–∏—Ç–∞–µ–º $e := (1,\dots, 1)$. ∆í
                                                  –ª‚Ç¨ $x \in R^{n}$ —á–µ—Ä...

You may provide a definition with
\DeclareUnicodeCharacter 


! Package inputenc Error: Unicode character ‚Ç¨ (U+20AC)
(inputenc)                not set up for use with LaTeX.

See the inputenc package documentation for explanation.
Type  H <return>  for immediate help.
 ...                                              
                                                  
l.78 ...c—á–∏—Ç–∞–µ–º $e := (1,\dots, 1)$. ∆í–ª‚Ç¨
                                                   $x \in R^{n}$ —á–µ—Ä–µ–∑ ...

You may provide a definition with
\DeclareUnicodeCharacter 


! Package inputenc Error: Unicode character ‚Ç¨ (U+20AC)
(inputenc)                not set up for use with LaTeX.

See the inputenc package documentation for explanation.
Type  H <return>  for immediate help.
 ...                                              
                                                  
l.78 ...$\|x\|$ –Ω–∏–∂–µ –æ–±–æ–∑–Ω–∞—á–∞–µ—Ç—Å‚Ç¨
                                                   –æ–±—ã—á–Ω–∞‚Ç¨ –µ–≤–∫–ª–...

You may provide a definition with
\DeclareUnicodeCharacter 


! Package inputenc Error: Unicode character ‚Ç¨ (U+20AC)
(inputenc)                not set up for use with LaTeX.

See the inputenc package documentation for explanation.
Type  H <return>  for immediate help.
 ...                                              
                                                  
l.78 ... –æ–±–æ–∑–Ω–∞—á–∞–µ—Ç—Å‚Ç¨ –æ–±—ã—á–Ω–∞‚Ç¨
                                                   –µ–≤–∫–ª–∏–¥–æ–≤–∞ –Ω–æ—Ä...

You may provide a definition with
\DeclareUnicodeCharacter 


! Package inputenc Error: Unicode character ‚Ç¨ (U+20AC)
(inputenc)                not set up for use with LaTeX.

See the inputenc package documentation for explanation.
Type  H <return>  for immediate help.
 ...                                              
                                                  
l.85 ...æ—Ç–Ω–æ—Å–∏—Ç–µ–ª—å–Ω–æ —Ü–µ–Ω—Ç—Ä–∞ —Ç‚Ç¨
                                                  –∂–µ—Å—Ç–∏ —Å –∫–æ—ç—Ñ—Ñ–∏...

You may provide a definition with
\DeclareUnicodeCharacter 


! Package inputenc Error: Unicode character ‚Ç¨ (U+20AC)
(inputenc)                not set up for use with LaTeX.

See the inputenc package documentation for explanation.
Type  H <return>  for immediate help.
 ...                                              
                                                  
l.85 ...æ–≥–æ —Ç–µ–ª–∞ $C$, –µ—Å–ª–∏ –∫–∞–∂–¥–∞‚Ç¨
                                                   (n-1)-–º–µ—Ä–Ω–∞‚Ç¨ –≥—Ä–...

You may provide a definition with
\DeclareUnicodeCharacter 


! Package inputenc Error: Unicode character ‚Ç¨ (U+20AC)
(inputenc)                not set up for use with LaTeX.

See the inputenc package documentation for explanation.
Type  H <return>  for immediate help.
 ...                                              
                                                  
l.85 ...–µ—Å–ª–∏ –∫–∞–∂–¥–∞‚Ç¨ (n-1)-–º–µ—Ä–Ω–∞‚Ç¨
                                                   –≥—Ä–∞–Ω—å —ç—Ç–æ–≥–æ —Å–...

You may provide a definition with
\DeclareUnicodeCharacter 


! Package inputenc Error: Unicode character ‚Ç¨ (U+20AC)
(inputenc)                not set up for use with LaTeX.

See the inputenc package documentation for explanation.
Type  H <return>  for immediate help.
 ...                                              
                                                  
l.85 ... –≤–ø–∏—Å–∞–Ω –≤ $C$, –µ—Å–ª–∏ –ª—é–±–∞‚Ç¨
                                                   –µ–≥–æ –≤–µ—Ä—à–∏–Ω–∞ –ø—...

You may provide a definition with
\DeclareUnicodeCharacter 

\c@Def=\count132

! Package inputenc Error: Unicode character ‚Ç¨ (U+20AC)
(inputenc)                not set up for use with LaTeX.

See the inputenc package documentation for explanation.
Type  H <return>  for immediate help.
 ...                                              
                                                  
l.88 ...–Ω–æ—Å—Ç–∏ n) --- —ç—Ç–æ –≤—ã–ø—É–∫–ª–∞‚Ç¨
                                                   –æ–±–æ–ª–æ—á–∫–∞ $n+1$ —Ç...

You may provide a definition with
\DeclareUnicodeCharacter 


! Package inputenc Error: Unicode character ‚Ç¨ (U+20AC)
(inputenc)                not set up for use with LaTeX.

See the inputenc package documentation for explanation.
Type  H <return>  for immediate help.
 ...                                              
                                                  
l.88 ...–æ—Ç–æ—Ä—ã–µ –ø—Ä–µ–¥–ø–æ–ª–∞–≥–∞—é—Ç—Å‚Ç¨
                                                   –∞—Ñ—Ñ–∏–Ω–Ω–æ –Ω–µ–∑–∞–≤...

You may provide a definition with
\DeclareUnicodeCharacter 


! Package inputenc Error: Unicode character ‚Ç¨ (U+20AC)
(inputenc)                not set up for use with LaTeX.

See the inputenc package documentation for explanation.
Type  H <return>  for immediate help.
 ...                                              
                                                  
l.88 ...). –Å—Ç–∏ —Ç–æ—á–∫–∏ –Ω–∞–∑—ã–≤–∞—é—Ç—Å‚Ç¨
                                                   –≤–µ—Ä—à–∏–Ω–∞–º–∏ —Å–∏–º...

You may provide a definition with
\DeclareUnicodeCharacter 


! Package inputenc Error: Unicode character ‚Ç¨ (U+20AC)
(inputenc)                not set up for use with LaTeX.

See the inputenc package documentation for explanation.
Type  H <return>  for immediate help.
 ...                                              
                                                  
l.91 ...$, $j=1,\dots,n+1$. —õ–∞—Ç—Ä–∏—Ü–∞ $A$ ‚Ç¨
                                                  –≤–ª‚Ç¨–µ—Ç—Å‚Ç¨ –Ω–µ–≤—ã—...

You may provide a definition with
\DeclareUnicodeCharacter 


! Package inputenc Error: Unicode character ‚Ç¨ (U+20AC)
(inputenc)                not set up for use with LaTeX.

See the inputenc package documentation for explanation.
Type  H <return>  for immediate help.
 ...                                              
                                                  
l.91 ...,\dots,n+1$. —õ–∞—Ç—Ä–∏—Ü–∞ $A$ ‚Ç¨–≤–ª‚Ç¨
                                                  –µ—Ç—Å‚Ç¨ –Ω–µ–≤—ã—Ä–æ–∂–¥...

You may provide a definition with
\DeclareUnicodeCharacter 


! Package inputenc Error: Unicode character ‚Ç¨ (U+20AC)
(inputenc)                not set up for use with LaTeX.

See the inputenc package documentation for explanation.
Type  H <return>  for immediate help.
 ...                                              
                                                  
l.91 ...1$. —õ–∞—Ç—Ä–∏—Ü–∞ $A$ ‚Ç¨–≤–ª‚Ç¨–µ—Ç—Å‚Ç¨
                                                   –Ω–µ–≤—ã—Ä–æ–∂–¥–µ–Ω–Ω–æ–π:
You may provide a definition with
\DeclareUnicodeCharacter 


! Package inputenc Error: Unicode character ‚Ç¨ (U+20AC)
(inputenc)                not set up for use with LaTeX.

See the inputenc package documentation for explanation.
Type  H <return>  for immediate help.
 ...                                              
                                                  
l.104 ...ª—å, –∫–æ—Ç–æ—Ä—ã–π –ø–æ–ª—É—á–∞–µ—Ç—Å‚Ç¨
                                                   –∏–∑ $\Delta$ –∑–∞–º–µ–Ω–...

You may provide a definition with
\DeclareUnicodeCharacter 


! Package inputenc Error: Unicode character ‚Ç¨ (U+20AC)
(inputenc)                not set up for use with LaTeX.

See the inputenc package documentation for explanation.
Type  H <return>  for immediate help.
 ...                                              
                                                  
l.104 ...Ü–∏–µ–Ω—Ç—ã $\lambda_j$ —Å–æ—Å—Ç–∞–≤–ª‚Ç¨
                                                  —é—Ç $j$-–π —Å—Ç–æ–ª–±–µ—Ü...

You may provide a definition with
\DeclareUnicodeCharacter 


! Package inputenc Error: Unicode character ¬¨ (U+AC)
(inputenc)                not set up for use with LaTeX.

See the inputenc package documentation for explanation.
Type  H <return>  for immediate help.
 ...                                              
                                                  
l.104 ...–Ω–æ–π –∫ $A$ –º–∞—Ç—Ä–∏—Ü–µ $A^{-1}$: ¬¨
                                                   –¥–∞–ª—å–Ω–µ–π—à–µ–º —Å—á...

You may provide a definition with
\DeclareUnicodeCharacter 


! Package inputenc Error: Unicode character ‚Ç¨ (U+20AC)
(inputenc)                not set up for use with LaTeX.

See the inputenc package documentation for explanation.
Type  H <return>  for immediate help.
 ...                                              
                                                  
l.104 ...-1} = (l_{ij})$, –∏–Ω–∞—á–µ –≥–æ–≤–æ—Ä‚Ç¨
                                                  ,
You may provide a definition with
\DeclareUnicodeCharacter 


! Package inputenc Error: Unicode character ∆í (U+192)
(inputenc)                not set up for use with LaTeX.

See the inputenc package documentation for explanation.
Type  H <return>  for immediate help.
 ...                                              
                                                  
l.111 	\begin{Def2}∆í
                     –ª‚Ç¨ –≤—ã–ø—É—Å–ª–æ–≥–æ —Ç–µ–ª–∞ $‚Äî$ –æ–±–æ–∑–Ω–∞—á–...

You may provide a definition with
\DeclareUnicodeCharacter 


! Package inputenc Error: Unicode character ‚Ç¨ (U+20AC)
(inputenc)                not set up for use with LaTeX.

See the inputenc package documentation for explanation.
Type  H <return>  for immediate help.
 ...                                              
                                                  
l.111 	\begin{Def2}∆í–ª‚Ç¨
                           –≤—ã–ø—É—Å–ª–æ–≥–æ —Ç–µ–ª–∞ $‚Äî$ –æ–±–æ–∑–Ω–∞—á–...

You may provide a definition with
\DeclareUnicodeCharacter 


LaTeX Warning: Command \textemdash invalid in math mode on input line 111.


! Package inputenc Error: Unicode character ‚Ç¨ (U+20AC)
(inputenc)                not set up for use with LaTeX.

See the inputenc package documentation for explanation.
Type  H <return>  for immediate help.
 ...                                              
                                                  
l.111 ...—Ç—Ä–µ–∑–∫–∞, —Å–æ–¥–µ—Ä–∂–∞—â–µ–≥–æ—Å‚Ç¨
                                                   –≤ $C$ –∏ –ø–∞—Ä–∞–ª–ª–µ–...

You may provide a definition with
\DeclareUnicodeCharacter 


! Package inputenc Error: Unicode character ¬¨ (U+AC)
(inputenc)                not set up for use with LaTeX.

See the inputenc package documentation for explanation.
Type  H <return>  for immediate help.
 ...                                              
                                                  
l.116 ...-- –≤—ã–ø—É–∫–ª–æ–µ —Ç–µ–ª–æ –≤ $R^n$. ¬¨
                                                  –≤–µ–¥–Ñ–º –≤ —Ä–∞—Å—Å–º–æ...

You may provide a definition with
\DeclareUnicodeCharacter 


! Package inputenc Error: Unicode character ¬¨ (U+AC)
(inputenc)                not set up for use with LaTeX.

See the inputenc package documentation for explanation.
Type  H <return>  for immediate help.
 ...                                              
                                                  
l.127 ...ã–π $n$-–º–µ—Ä–Ω—ã–π —Å–∏–º–ø–ª–µ–∫—Å. ¬¨
                                                  –≤–µ–¥–Ñ–º –≤ —Ä–∞—Å—Å–º–æ...

You may provide a definition with
\DeclareUnicodeCharacter 

Package babel Info: Redefining russian shorthand "|
(babel)             in language  on input line 128.
Package babel Info: Redefining russian shorthand "~
(babel)             in language  on input line 128.
Package babel Info: Redefining russian shorthand "|
(babel)             in language  on input line 128.
Package babel Info: Redefining russian shorthand "~
(babel)             in language  on input line 128.
[2]

! Package inputenc Error: Unicode character ‚Ç¨ (U+20AC)
(inputenc)                not set up for use with LaTeX.

See the inputenc package documentation for explanation.
Type  H <return>  for immediate help.
 ...                                              
                                                  
l.133 ... —Ü–µ–ª—å—é –¥–∞–Ω–Ω–æ–π —Ä–∞–±–æ—Ç—ã ‚Ç¨
                                                  –≤–ª‚Ç¨–µ—Ç—Å‚Ç¨ –≤—ã—á–∏—...

You may provide a definition with
\DeclareUnicodeCharacter 


! Package inputenc Error: Unicode character ‚Ç¨ (U+20AC)
(inputenc)                not set up for use with LaTeX.

See the inputenc package documentation for explanation.
Type  H <return>  for immediate help.
 ...                                              
                                                  
l.133 ...—å—é –¥–∞–Ω–Ω–æ–π —Ä–∞–±–æ—Ç—ã ‚Ç¨–≤–ª‚Ç¨
                                                  –µ—Ç—Å‚Ç¨ –≤—ã—á–∏—Å–ª–µ–Ω...

You may provide a definition with
\DeclareUnicodeCharacter 


! Package inputenc Error: Unicode character ‚Ç¨ (U+20AC)
(inputenc)                not set up for use with LaTeX.

See the inputenc package documentation for explanation.
Type  H <return>  for immediate help.
 ...                                              
                                                  
l.133 ...–Ω–Ω–æ–π —Ä–∞–±–æ—Ç—ã ‚Ç¨–≤–ª‚Ç¨–µ—Ç—Å‚Ç¨
                                                   –≤—ã—á–∏—Å–ª–µ–Ω–∏–µ —Ç–∞...

You may provide a definition with
\DeclareUnicodeCharacter 


! Package inputenc Error: Unicode character ‚Ç¨ (U+20AC)
(inputenc)                not set up for use with LaTeX.

See the inputenc package documentation for explanation.
Type  H <return>  for immediate help.
 ...                                              
                                                  
l.133 ... —ú —Ç–æ–º, –∫–∞–∫ –æ–Ω–∏ –≤—ã—á–∏—Å–ª‚Ç¨
                                                  —é—Ç—Å‚Ç¨, –±—É–¥–µ—Ç –±–æ...

You may provide a definition with
\DeclareUnicodeCharacter 


! Package inputenc Error: Unicode character ‚Ç¨ (U+20AC)
(inputenc)                not set up for use with LaTeX.

See the inputenc package documentation for explanation.
Type  H <return>  for immediate help.
 ...                                              
                                                  
l.133 ...º, –∫–∞–∫ –æ–Ω–∏ –≤—ã—á–∏—Å–ª‚Ç¨—é—Ç—Å‚Ç¨
                                                  , –±—É–¥–µ—Ç –±–æ–ª–µ–µ –ø...

You may provide a definition with
\DeclareUnicodeCharacter 

Package babel Info: Redefining russian shorthand "|
(babel)             in language  on input line 135.
Package babel Info: Redefining russian shorthand "~
(babel)             in language  on input line 135.
Package babel Info: Redefining russian shorthand "|
(babel)             in language  on input line 135.
Package babel Info: Redefining russian shorthand "~
(babel)             in language  on input line 135.
[3]

! Package inputenc Error: Unicode character ¬¨ (U+AC)
(inputenc)                not set up for use with LaTeX.

See the inputenc package documentation for explanation.
Type  H <return>  for immediate help.
 ...                                              
                                                  
l.142 	\section{¬¨–µ–ª–∏—á–∏–Ω–∞ $\xi (C; S)$}
                                                 	
You may provide a definition with
\DeclareUnicodeCharacter 

Package babel Info: Redefining russian shorthand "|
(babel)             in language  on input line 142.
Package babel Info: Redefining russian shorthand "~
(babel)             in language  on input line 142.

Package hyperref Warning: Token not allowed in a PDF string (Unicode):
(hyperref)                removing `math shift' on input line 142.


Package hyperref Warning: Token not allowed in a PDF string (Unicode):
(hyperref)                removing `\xi' on input line 142.


Package hyperref Warning: Token not allowed in a PDF string (Unicode):
(hyperref)                removing `math shift' on input line 142.

\c@Th=\count133

! Package inputenc Error: Unicode character ‚Ç¨ (U+20AC)
(inputenc)                not set up for use with LaTeX.

See the inputenc package documentation for explanation.
Type  H <return>  for immediate help.
 ...                                              
                                                  
l.144 ... n$. —ï—Ä–µ–¥–ø–æ–ª–æ–∂–∏–º, —á—Ç–æ j-‚Ç¨
                                                   $(n-1)$-–º–µ—Ä–Ω–∞‚Ç¨ –≥—...

You may provide a definition with
\DeclareUnicodeCharacter 


! Package inputenc Error: Unicode character ‚Ç¨ (U+20AC)
(inputenc)                not set up for use with LaTeX.

See the inputenc package documentation for explanation.
Type  H <return>  for immediate help.
 ...                                              
                                                  
l.144 ...∂–∏–º, —á—Ç–æ j-‚Ç¨ $(n-1)$-–º–µ—Ä–Ω–∞‚Ç¨
                                                   –≥—Ä–∞–Ω—å —Å–∏–º–ø–ª–µ–∫...

You may provide a definition with
\DeclareUnicodeCharacter 


! Package inputenc Error: Unicode character ‚Ç¨ (U+20AC)
(inputenc)                not set up for use with LaTeX.

See the inputenc package documentation for explanation.
Type  H <return>  for immediate help.
 ...                                              
                                                  
l.145 	$\xi(C, S)S$ (–ø–∞—Ä–∞–ª–ª–µ–ª—å–Ω–∞‚Ç¨
                                               –≥—Ä–∞–Ω–∏ $S$ c —É—Ä–∞–≤–Ω–µ...

You may provide a definition with
\DeclareUnicodeCharacter 

\c@Th2=\count134

! Package inputenc Error: Unicode character ‚âà (U+2248)
(inputenc)                not set up for use with LaTeX.

See the inputenc package documentation for explanation.
Type  H <return>  for immediate help.
 ...                                              
                                                  
l.153 ...µ–¥–ø–æ–ª–æ–∂–∏–º $C \not \subset S$. ‚âà
                                                  —Å–ª–∏ —Å–∏–º–ø–ª–µ–∫—Å $\...

You may provide a definition with
\DeclareUnicodeCharacter 


! Package inputenc Error: Unicode character ‚Ç¨ (U+20AC)
(inputenc)                not set up for use with LaTeX.

See the inputenc package documentation for explanation.
Type  H <return>  for immediate help.
 ...                                              
                                                  
l.168 	—ú—Ç–¥–µ–ª—å–Ω–æ –æ—Å—Ç–∞–Ω–æ–≤–∏–º—Å‚Ç¨
                                                –Ω–∞ —Å–ª—É—á–∞–µ $C = Q_n$....

You may provide a definition with
\DeclareUnicodeCharacter 


! Package inputenc Error: Unicode character ‚Ç¨ (U+20AC)
(inputenc)                not set up for use with LaTeX.

See the inputenc package documentation for explanation.
Type  H <return>  for immediate help.
 ...                                              
                                                  
l.168 ...º–∞–∫—Å–∏–º–∞–ª—å–Ω–æ–µ –∑–Ω–∞—á–µ–Ω–∏‚Ç¨
                                                   –Ω–∞ $Q_n$ –≤ –≤–µ—Ä—à–∏–...

You may provide a definition with
\DeclareUnicodeCharacter 


! Package inputenc Error: Unicode character ¬¨ (U+AC)
(inputenc)                not set up for use with LaTeX.

See the inputenc package documentation for explanation.
Type  H <return>  for immediate help.
 ...                                              
                                                  
l.168 ...–∞ $Q_n$ –≤ –≤–µ—Ä—à–∏–Ω–∞—Ö –∫—É–±–∞. ¬¨
                                                   —Å–≤‚Ç¨–∑–∏ —Å —ç—Ç–∏–º –...

You may provide a definition with
\DeclareUnicodeCharacter 


! Package inputenc Error: Unicode character ‚Ç¨ (U+20AC)
(inputenc)                not set up for use with LaTeX.

See the inputenc package documentation for explanation.
Type  H <return>  for immediate help.
 ...                                              
                                                  
l.168 ... –≤ –≤–µ—Ä—à–∏–Ω–∞—Ö –∫—É–±–∞. ¬¨ —Å–≤‚Ç¨
                                                  –∑–∏ —Å —ç—Ç–∏–º –≤ —Å–æ–æ...

You may provide a definition with
\DeclareUnicodeCharacter 


! Package inputenc Error: Unicode character ‚Ç¨ (U+20AC)
(inputenc)                not set up for use with LaTeX.

See the inputenc package documentation for explanation.
Type  H <return>  for immediate help.
 ...                                              
                                                  
l.168 ...–∏ —Å —ç—Ç–∏–º –≤ —Å–æ–æ—Ç–Ω–æ—à–µ–Ω–∏‚Ç¨
                                                  —Ö –Ω–∞—Å—Ç–æ‚Ç¨—â–µ–≥–æ –...

You may provide a definition with
\DeclareUnicodeCharacter 


! Package inputenc Error: Unicode character ‚Ç¨ (U+20AC)
(inputenc)                not set up for use with LaTeX.

See the inputenc package documentation for explanation.
Type  H <return>  for immediate help.
 ...                                              
                                                  
l.168 ...≤ —Å–æ–æ—Ç–Ω–æ—à–µ–Ω–∏‚Ç¨—Ö –Ω–∞—Å—Ç–æ‚Ç¨
                                                  —â–µ–≥–æ –ø—É–Ω–∫—Ç–∞ –≤–µ...

You may provide a definition with
\DeclareUnicodeCharacter 


! Package inputenc Error: Unicode character ¬¨ (U+AC)
(inputenc)                not set up for use with LaTeX.

See the inputenc package documentation for explanation.
Type  H <return>  for immediate help.
 ...                                              
                                                  
l.168 ...á–∏–Ω—É $\max_{ver(Q_n)}(-\lambda_j)$. ¬¨
                                                   —á–∞—Å—Ç–Ω–æ—Å—Ç–∏, —Ä–∞–...

You may provide a definition with
\DeclareUnicodeCharacter 


! Package inputenc Error: Unicode character ‚Ç¨ (U+20AC)
(inputenc)                not set up for use with LaTeX.

See the inputenc package documentation for explanation.
Type  H <return>  for immediate help.
 ...                                              
                                                  
l.173 ...–≤–∏–µ (\ref{theorem2}) —Å–≤–æ–¥–∏—Ç—Å‚Ç¨
                                                   –∫ —Å–æ–æ—Ç–Ω–æ—à–µ–Ω–∏—é
You may provide a definition with
\DeclareUnicodeCharacter 


! Package inputenc Error: Unicode character ‚àö (U+221A)
(inputenc)                not set up for use with LaTeX.

See the inputenc package documentation for explanation.
Type  H <return>  for immediate help.
 ...                                              
                                                  
l.181 	‚àö
          –¥–µ $C=Q_n$, S --- –Ω–µ–≤—ã—Ä–æ–∂–¥–µ–Ω–Ω—ã–π $n$-–º–µ—Ä–Ω—ã–π —Å...

You may provide a definition with
\DeclareUnicodeCharacter 


! Package inputenc Error: Unicode character ‚Ç¨ (U+20AC)
(inputenc)                not set up for use with LaTeX.

See the inputenc package documentation for explanation.
Type  H <return>  for immediate help.
 ...                                              
                                                  
l.183 	\subparagraph{}‚Äî—Ç–æ–∏—Ç —É–ø–æ–º‚Ç¨
                                             –Ω—É—Ç—å, —á—Ç–æ –±—ã–ª–∏ –Ω–∞–...

You may provide a definition with
\DeclareUnicodeCharacter 


! Package inputenc Error: Unicode character ‚Ç¨ (U+20AC)
(inputenc)                not set up for use with LaTeX.

See the inputenc package documentation for explanation.
Type  H <return>  for immediate help.
 ...                                              
                                                  
l.183 ...–π–¥–µ–Ω—ã —Ç–æ—á–Ω—ã–µ –∑–Ω–∞—á–µ–Ω–∏‚Ç¨
                                                   $\xi_n$ –¥–ª‚Ç¨ —Å–ª—É—á–...

You may provide a definition with
\DeclareUnicodeCharacter 


! Package inputenc Error: Unicode character ‚Ç¨ (U+20AC)
(inputenc)                not set up for use with LaTeX.

See the inputenc package documentation for explanation.
Type  H <return>  for immediate help.
 ...                                              
                                                  
l.183 ...á–Ω—ã–µ –∑–Ω–∞—á–µ–Ω–∏‚Ç¨ $\xi_n$ –¥–ª‚Ç¨
                                                   —Å–ª—É—á–∞–µ–≤ $n = 1, 2,...

You may provide a definition with
\DeclareUnicodeCharacter 


! Package inputenc Error: Unicode character ∆í (U+192)
(inputenc)                not set up for use with LaTeX.

See the inputenc package documentation for explanation.
Type  H <return>  for immediate help.
 ...                                              
                                                  
l.185 ...bparagraph{}—ï—Ä–∏ $n = 1\ \xi_1 = 1$. ∆í
                                                  –ª‚Ç¨ –ª—é–±–æ–≥–æ –ø—Ä–æ–...

You may provide a definition with
\DeclareUnicodeCharacter 


! Package inputenc Error: Unicode character ‚Ç¨ (U+20AC)
(inputenc)                not set up for use with LaTeX.

See the inputenc package documentation for explanation.
Type  H <return>  for immediate help.
 ...                                              
                                                  
l.185 ...graph{}—ï—Ä–∏ $n = 1\ \xi_1 = 1$. ∆í–ª‚Ç¨
                                                   –ª—é–±–æ–≥–æ –ø—Ä–æ–µ–∫—Ç...

You may provide a definition with
\DeclareUnicodeCharacter 


! Package inputenc Error: Unicode character ‚Ç¨ (U+20AC)
(inputenc)                not set up for use with LaTeX.

See the inputenc package documentation for explanation.
Type  H <return>  for immediate help.
 ...                                              
                                                  
l.185 ...–æ—Ä—ã–π –≤ —ç—Ç–æ–π —Å–∏—Ç—É–∞—Ü–∏–∏ ‚Ç¨
                                                  –≤–ª‚Ç¨–µ—Ç—Å‚Ç¨ –æ—Ç—Ä–µ–...

You may provide a definition with
\DeclareUnicodeCharacter 


! Package inputenc Error: Unicode character ‚Ç¨ (U+20AC)
(inputenc)                not set up for use with LaTeX.

See the inputenc package documentation for explanation.
Type  H <return>  for immediate help.
 ...                                              
                                                  
l.185 ...π –≤ —ç—Ç–æ–π —Å–∏—Ç—É–∞—Ü–∏–∏ ‚Ç¨–≤–ª‚Ç¨
                                                  –µ—Ç—Å‚Ç¨ –æ—Ç—Ä–µ–∑–∫–æ–º).
You may provide a definition with
\DeclareUnicodeCharacter 


! Package inputenc Error: Unicode character ‚Ç¨ (U+20AC)
(inputenc)                not set up for use with LaTeX.

See the inputenc package documentation for explanation.
Type  H <return>  for immediate help.
 ...                                              
                                                  
l.185 ...–æ–π —Å–∏—Ç—É–∞—Ü–∏–∏ ‚Ç¨–≤–ª‚Ç¨–µ—Ç—Å‚Ç¨
                                                   –æ—Ç—Ä–µ–∑–∫–æ–º).
You may provide a definition with
\DeclareUnicodeCharacter 

Package babel Info: Redefining russian shorthand "|
(babel)             in language  on input line 190.
Package babel Info: Redefining russian shorthand "~
(babel)             in language  on input line 190.
Package babel Info: Redefining russian shorthand "|
(babel)             in language  on input line 190.
Package babel Info: Redefining russian shorthand "~
(babel)             in language  on input line 190.
[4]
Package babel Info: Redefining russian shorthand "|
(babel)             in language  on input line 198.
Package babel Info: Redefining russian shorthand "~
(babel)             in language  on input line 198.


! Package inputenc Error: Unicode character ‚Ç¨ (U+20AC)
(inputenc)                not set up for use with LaTeX.

See the inputenc package documentation for explanation.
Type  H <return>  for immediate help.
 ...                                              
                                                  
l.199 ...Ç—å –Ω–∞ –¥–≤–µ —á–∞—Å—Ç–∏. —ï–µ—Ä–≤–∞‚Ç¨
                                                   –±—É–¥–µ—Ç —Ä–∞—Å—Å–∫–∞–∑...

You may provide a definition with
\DeclareUnicodeCharacter 


! Package inputenc Error: Unicode character ¬¨ (U+AC)
(inputenc)                not set up for use with LaTeX.

See the inputenc package documentation for explanation.
Type  H <return>  for immediate help.
 ...                                              
                                                  
l.199 ...—Å—Ç–≤—É—é—â–µ–≥–æ —Å–∏–º–ø–ª–µ–∫—Å–∞. ¬¨
                                                  —Ç–æ—Ä–∞‚Ç¨ –æ–ø–∏—à–µ—Ç –...

You may provide a definition with
\DeclareUnicodeCharacter 


! Package inputenc Error: Unicode character ‚Ç¨ (U+20AC)
(inputenc)                not set up for use with LaTeX.

See the inputenc package documentation for explanation.
Type  H <return>  for immediate help.
 ...                                              
                                                  
l.199 ...â–µ–≥–æ —Å–∏–º–ø–ª–µ–∫—Å–∞. ¬¨—Ç–æ—Ä–∞‚Ç¨
                                                   –æ–ø–∏—à–µ—Ç –ø—Ä–æ—Ü–µ—Å...

You may provide a definition with
\DeclareUnicodeCharacter 


! Package inputenc Error: Unicode character ‚Ç¨ (U+20AC)
(inputenc)                not set up for use with LaTeX.

See the inputenc package documentation for explanation.
Type  H <return>  for immediate help.
 ...                                              
                                                  
l.199 ...–µ—Ç –ø—Ä–æ—Ü–µ—Å—Å –Ω–∞—Ö–æ–∂–¥–µ–Ω–∏‚Ç¨
                                                   $\xi_n$ –ø–æ –∑–∞–¥–∞–Ω–Ω...

You may provide a definition with
\DeclareUnicodeCharacter 


! Package inputenc Error: Unicode character ‚Ç¨ (U+20AC)
(inputenc)                not set up for use with LaTeX.

See the inputenc package documentation for explanation.
Type  H <return>  for immediate help.
 ...                                              
                                                  
l.200 ...–Ω—ã–π —Å–∏–º–ø–ª–µ–∫—Å –∑–∞–¥–∞–Ñ—Ç—Å‚Ç¨
                                                   —á–µ—Ä–µ–∑ n+1 —Ç–æ—á–∫—É...

You may provide a definition with
\DeclareUnicodeCharacter 


! Package inputenc Error: Unicode character ∆í (U+192)
(inputenc)                not set up for use with LaTeX.

See the inputenc package documentation for explanation.
Type  H <return>  for immediate help.
 ...                                              
                                                  
l.209 ∆í
        –∞–ª–µ–µ –¥–ª‚Ç¨ (\ref{pr1}) –Ω–∞—Ö–æ–¥–∏–º –æ–±—Ä–∞—Ç–Ω—É—é –º–∞—Ç—...

You may provide a definition with
\DeclareUnicodeCharacter 


! Package inputenc Error: Unicode character ‚Ç¨ (U+20AC)
(inputenc)                not set up for use with LaTeX.

See the inputenc package documentation for explanation.
Type  H <return>  for immediate help.
 ...                                              
                                                  
l.209 ∆í–∞–ª–µ–µ –¥–ª‚Ç¨
                         (\ref{pr1}) –Ω–∞—Ö–æ–¥–∏–º –æ–±—Ä–∞—Ç–Ω—É—é –º–∞—Ç—...

You may provide a definition with
\DeclareUnicodeCharacter 


! Package inputenc Error: Unicode character ¬¨ (U+AC)
(inputenc)                not set up for use with LaTeX.

See the inputenc package documentation for explanation.
Type  H <return>  for immediate help.
 ...                                              
                                                  
l.222 ¬¨
        –æ—Å–ø–æ–ª—å–∑—É–µ–º—Å‚Ç¨ —Ñ–æ—Ä–º—É–ª–æ–π (\ref{ksiVer}), –≥–¥–µ $C...

You may provide a definition with
\DeclareUnicodeCharacter 


! Package inputenc Error: Unicode character ‚Ç¨ (U+20AC)
(inputenc)                not set up for use with LaTeX.

See the inputenc package documentation for explanation.
Type  H <return>  for immediate help.
 ...                                              
                                                  
l.222 ¬¨–æ—Å–ø–æ–ª—å–∑—É–µ–º—Å‚Ç¨
                                  —Ñ–æ—Ä–º—É–ª–æ–π (\ref{ksiVer}), –≥–¥–µ $C...

You may provide a definition with
\DeclareUnicodeCharacter 


! Package inputenc Error: Unicode character ∆í (U+192)
(inputenc)                not set up for use with LaTeX.

See the inputenc package documentation for explanation.
Type  H <return>  for immediate help.
 ...                                              
                                                  
l.230 ∆í
        –ª‚Ç¨ –Ω–∞—à–µ–≥–æ –ø—Ä–∏–º–µ—Ä–∞ –∏–º–µ–µ–º:
You may provide a definition with
\DeclareUnicodeCharacter 


! Package inputenc Error: Unicode character ‚Ç¨ (U+20AC)
(inputenc)                not set up for use with LaTeX.

See the inputenc package documentation for explanation.
Type  H <return>  for immediate help.
 ...                                              
                                                  
l.230 ∆í–ª‚Ç¨
              –Ω–∞—à–µ–≥–æ –ø—Ä–∏–º–µ—Ä–∞ –∏–º–µ–µ–º:
You may provide a definition with
\DeclareUnicodeCharacter 


! Package inputenc Error: Unicode character ‚Ç¨ (U+20AC)
(inputenc)                not set up for use with LaTeX.

See the inputenc package documentation for explanation.
Type  H <return>  for immediate help.
 ...                                              
                                                  
l.235 —ï—Ä–æ—Ü–µ—Å—Å –≤—ã–ø–æ–ª–Ω–µ–Ω–∏‚Ç¨
                                           –ø—Ä–æ–≥—Ä–∞–º–º—ã –ø—Ä–∞–∫—Ç–∏—á...

You may provide a definition with
\DeclareUnicodeCharacter 


! Package inputenc Error: Unicode character ‚Ç¨ (U+20AC)
(inputenc)                not set up for use with LaTeX.

See the inputenc package documentation for explanation.
Type  H <return>  for immediate help.
 ...                                              
                                                  
l.235 ...∫–∏ –Ω–∏—á–µ–º –Ω–µ –æ—Ç–ª–∏—á–∞–µ—Ç—Å‚Ç¨
                                                   –æ—Ç –æ–ø–∏—Å–∞–Ω–Ω–æ–≥–æ...

You may provide a definition with
\DeclareUnicodeCharacter 


! Package inputenc Error: Unicode character ¬¨ (U+AC)
(inputenc)                not set up for use with LaTeX.

See the inputenc package documentation for explanation.
Type  H <return>  for immediate help.
 ...                                              
                                                  
l.237 \subparagraph{}¬¨
                       —Ç–æ—Ä–∞‚Ç¨ —á–∞—Å—Ç—å –ø—Ä–æ–≥—Ä–∞–º–º—ã –∑–∞–Ω–∏–º–...

You may provide a definition with
\DeclareUnicodeCharacter 


! Package inputenc Error: Unicode character ‚Ç¨ (U+20AC)
(inputenc)                not set up for use with LaTeX.

See the inputenc package documentation for explanation.
Type  H <return>  for immediate help.
 ...                                              
                                                  
l.237 \subparagraph{}¬¨—Ç–æ—Ä–∞‚Ç¨
                                   —á–∞—Å—Ç—å –ø—Ä–æ–≥—Ä–∞–º–º—ã –∑–∞–Ω–∏–º–...

You may provide a definition with
\DeclareUnicodeCharacter 


! Package inputenc Error: Unicode character ‚Ç¨ (U+20AC)
(inputenc)                not set up for use with LaTeX.

See the inputenc package documentation for explanation.
Type  H <return>  for immediate help.
 ...                                              
                                                  
l.237 ... –ø—Ä–æ–≥—Ä–∞–º–º—ã –∑–∞–Ω–∏–º–∞–µ—Ç—Å‚Ç¨
                                                   –ø—Ä–∏–±–ª–∏–∂–Ñ–Ω–Ω—ã–º ...

You may provide a definition with
\DeclareUnicodeCharacter 


! Package inputenc Error: Unicode character ‚Ç¨ (U+20AC)
(inputenc)                not set up for use with LaTeX.

See the inputenc package documentation for explanation.
Type  H <return>  for immediate help.
 ...                                              
                                                  
l.237 ...Å–ª–æ–≤–Ω–æ—Å—Ç—å –∑–∞–∫–ª—é—á–∞–µ—Ç—Å‚Ç¨
                                                   –≤ —Ç–æ–º, —á—Ç–æ –Ω–∞ —Å...

You may provide a definition with
\DeclareUnicodeCharacter 


! Package inputenc Error: Unicode character ‚Ç¨ (U+20AC)
(inputenc)                not set up for use with LaTeX.

See the inputenc package documentation for explanation.
Type  H <return>  for immediate help.
 ...                                              
                                                  
l.237 ...–º–æ–º –¥–µ–ª–µ –ø–µ—Ä–µ–±–∏—Ä–∞—é—Ç—Å‚Ç¨
                                                   –Ω–µ –≤—Å–µ –≤–æ–∑–º–æ–∂–...

You may provide a definition with
\DeclareUnicodeCharacter 


! Package inputenc Error: Unicode character ‚Ç¨ (U+20AC)
(inputenc)                not set up for use with LaTeX.

See the inputenc package documentation for explanation.
Type  H <return>  for immediate help.
 ...                                              
                                                  
l.237 ...–∞–ª—ã–º —à–∞–≥–æ–º. —Ç.–µ. –∫–∞–∂–¥–∞‚Ç¨
                                                   –∫–æ–æ—Ä–¥–∏–Ω–∞—Ç–∞ –∫–∞...

You may provide a definition with
\DeclareUnicodeCharacter 


! Package inputenc Error: Unicode character ‚Ç¨ (U+20AC)
(inputenc)                not set up for use with LaTeX.

See the inputenc package documentation for explanation.
Type  H <return>  for immediate help.
 ...                                              
                                                  
l.237 ...–µ—Ä—à–∏–Ω—ã —Å–∏–º–ø–ª–µ–∫—Å–∞ –º–µ–Ω‚Ç¨
                                                  –µ—Ç—Å‚Ç¨ –≤ –¥–∏–∞–ø–∞–∑–...

You may provide a definition with
\DeclareUnicodeCharacter 


! Package inputenc Error: Unicode character ‚Ç¨ (U+20AC)
(inputenc)                not set up for use with LaTeX.

See the inputenc package documentation for explanation.
Type  H <return>  for immediate help.
 ...                                              
                                                  
l.237 ...Ω—ã —Å–∏–º–ø–ª–µ–∫—Å–∞ –º–µ–Ω‚Ç¨–µ—Ç—Å‚Ç¨
                                                   –≤ –¥–∏–∞–ø–∞–∑–æ–Ω–µ –æ—...

You may provide a definition with
\DeclareUnicodeCharacter 


! Package inputenc Error: Unicode character ‚Ç¨ (U+20AC)
(inputenc)                not set up for use with LaTeX.

See the inputenc package documentation for explanation.
Type  H <return>  for immediate help.
 ...                                              
                                                  
l.237 ...–¥–æ 1 —Å —à–∞–≥–æ–º –≤ 0.001, –∏ –¥–ª‚Ç¨
                                                   –∫–∞–∂–¥–æ–≥–æ —Ç–∞–∫–æ–≥...

You may provide a definition with
\DeclareUnicodeCharacter 


! Package inputenc Error: Unicode character ‚Ç¨ (U+20AC)
(inputenc)                not set up for use with LaTeX.

See the inputenc package documentation for explanation.
Type  H <return>  for immediate help.
 ...                                              
                                                  
l.237 ...–æ —Å–∏–º–ø–ª–µ–∫—Å–∞ –Ω–∞—Ö–æ–¥–∏—Ç—Å‚Ç¨
                                                   $\xi(S)$ –ø–æ –≤—ã—à–µ—É–...

You may provide a definition with
\DeclareUnicodeCharacter 


! Package inputenc Error: Unicode character ‚Ç¨ (U+20AC)
(inputenc)                not set up for use with LaTeX.

See the inputenc package documentation for explanation.
Type  H <return>  for immediate help.
 ...                                              
                                                  
l.237 ...º—É–ª–µ (\ref{f11}) –≤—ã–±–∏—Ä–∞–µ—Ç—Å‚Ç¨
                                                   –º–∏–Ω–∏–º–∞–ª—å–Ω—ã–π $\...

You may provide a definition with
\DeclareUnicodeCharacter 

Package babel Info: Redefining russian shorthand "|
(babel)             in language  on input line 241.
Package babel Info: Redefining russian shorthand "~
(babel)             in language  on input line 241.
Package babel Info: Redefining russian shorthand "|
(babel)             in language  on input line 241.
Package babel Info: Redefining russian shorthand "~
(babel)             in language  on input line 241.
[5]
Package babel Info: Redefining russian shorthand "|
(babel)             in language  on input line 242.
Package babel Info: Redefining russian shorthand "~
(babel)             in language  on input line 242.


! Package inputenc Error: Unicode character ¬¨ (U+AC)
(inputenc)                not set up for use with LaTeX.

See the inputenc package documentation for explanation.
Type  H <return>  for immediate help.
 ...                                              
                                                  
l.243 ¬¨
         –¥–∞–Ω–Ω–æ–π —Ä–∞–±–æ—Ç–µ –ø–æ–¥–Ω–∏–º–∞–µ—Ç—Å‚Ç¨ —Ç–∞–∫–∞‚Ç¨ –∞–∫—...

You may provide a definition with
\DeclareUnicodeCharacter 


! Package inputenc Error: Unicode character ‚Ç¨ (U+20AC)
(inputenc)                not set up for use with LaTeX.

See the inputenc package documentation for explanation.
Type  H <return>  for immediate help.
 ...                                              
                                                  
l.243 ...–æ–π —Ä–∞–±–æ—Ç–µ –ø–æ–¥–Ω–∏–º–∞–µ—Ç—Å‚Ç¨
                                                   —Ç–∞–∫–∞‚Ç¨ –∞–∫—Ç—É–∞–ª—...

You may provide a definition with
\DeclareUnicodeCharacter 


! Package inputenc Error: Unicode character ‚Ç¨ (U+20AC)
(inputenc)                not set up for use with LaTeX.

See the inputenc package documentation for explanation.
Type  H <return>  for immediate help.
 ...                                              
                                                  
l.243 ...æ—Ç–µ –ø–æ–¥–Ω–∏–º–∞–µ—Ç—Å‚Ç¨ —Ç–∞–∫–∞‚Ç¨
                                                   –∞–∫—Ç—É–∞–ª—å–Ω–∞‚Ç¨ –ø—...

You may provide a definition with
\DeclareUnicodeCharacter 


! Package inputenc Error: Unicode character ‚Ç¨ (U+20AC)
(inputenc)                not set up for use with LaTeX.

See the inputenc package documentation for explanation.
Type  H <return>  for immediate help.
 ...                                              
                                                  
l.243 ...—Ç—Å‚Ç¨ —Ç–∞–∫–∞‚Ç¨ –∞–∫—Ç—É–∞–ª—å–Ω–∞‚Ç¨
                                                   –ø—Ä–æ–±–ª–µ–º–∞ –≤ –º–∞—...

You may provide a definition with
\DeclareUnicodeCharacter 


! Package inputenc Error: Unicode character ¬¨ (U+AC)
(inputenc)                not set up for use with LaTeX.

See the inputenc package documentation for explanation.
Type  H <return>  for immediate help.
 ...                                              
                                                  
l.243 ...–≤—ã—á–∏—Å–ª–µ–Ω—ã $\xi_2$ –∏ $\xi_3$. ¬¨
                                                  —ã—á–∏—Å–ª–µ–Ω–∏–µ $\xi_n$...

You may provide a definition with
\DeclareUnicodeCharacter 


! Package inputenc Error: Unicode character ‚Ç¨ (U+20AC)
(inputenc)                not set up for use with LaTeX.

See the inputenc package documentation for explanation.
Type  H <return>  for immediate help.
 ...                                              
                                                  
l.243 ...á–µ—Å—Ç–≤–∞ –≤–∞—Ä–∏–∞–Ω—Ç–æ–≤, —Ö–æ—Ç‚Ç¨
                                                   —ç—Ç–æ –∏ –≤–æ–∑–º–æ–∂–Ω–...

You may provide a definition with
\DeclareUnicodeCharacter 


! Package inputenc Error: Unicode character ‚Ç¨ (U+20AC)
(inputenc)                not set up for use with LaTeX.

See the inputenc package documentation for explanation.
Type  H <return>  for immediate help.
 ...                                              
                                                  
l.243 ...–æ–∑–º–æ–∂–Ω–æ. ‚Äû—Ç–æ –∫–∞—Å–∞–µ—Ç—Å‚Ç¨
                                                   –≤—ã—á–∏—Å–ª–µ–Ω–∏‚Ç¨ $\x...

You may provide a definition with
\DeclareUnicodeCharacter 


! Package inputenc Error: Unicode character ‚Ç¨ (U+20AC)
(inputenc)                not set up for use with LaTeX.

See the inputenc package documentation for explanation.
Type  H <return>  for immediate help.
 ...                                              
                                                  
l.243 ...æ –∫–∞—Å–∞–µ—Ç—Å‚Ç¨ –≤—ã—á–∏—Å–ª–µ–Ω–∏‚Ç¨
                                                   $\xi(S)$, —Ç–æ –¥–∞–∂–µ –...

You may provide a definition with
\DeclareUnicodeCharacter 


! Package inputenc Error: Unicode character ‚Ç¨ (U+20AC)
(inputenc)                not set up for use with LaTeX.

See the inputenc package documentation for explanation.
Type  H <return>  for immediate help.
 ...                                              
                                                  
l.243 ...Ç–æ—á–Ω–æ –±–æ–ª—å—à–∏—Ö $n$, –≤—Ä–µ–º‚Ç¨
                                                   –≤—ã–ø–æ–ª–Ω–µ–Ω–∏‚Ç¨ –ø—...

You may provide a definition with
\DeclareUnicodeCharacter 


! Package inputenc Error: Unicode character ‚Ç¨ (U+20AC)
(inputenc)                not set up for use with LaTeX.

See the inputenc package documentation for explanation.
Type  H <return>  for immediate help.
 ...                                              
                                                  
l.243 ...—Ö $n$, –≤—Ä–µ–º‚Ç¨ –≤—ã–ø–æ–ª–Ω–µ–Ω–∏‚Ç¨
                                                   –ø—Ä–æ–≥—Ä–∞–º–º—ã –±—É–¥...

You may provide a definition with
\DeclareUnicodeCharacter 

Package babel Info: Redefining russian shorthand "|
(babel)             in language  on input line 245.
Package babel Info: Redefining russian shorthand "~
(babel)             in language  on input line 245.
Package babel Info: Redefining russian shorthand "|
(babel)             in language  on input line 245.
Package babel Info: Redefining russian shorthand "~
(babel)             in language  on input line 245.
[6]
Package babel Info: Redefining russian shorthand "|
(babel)             in language  on input line 247.
Package babel Info: Redefining russian shorthand "~
(babel)             in language  on input line 247.


! Package inputenc Error: Unicode character ¬¨ (U+AC)
(inputenc)                not set up for use with LaTeX.

See the inputenc package documentation for explanation.
Type  H <return>  for immediate help.
 ...                                              
                                                  
l.249 	\bibitem{link1} —õ.¬¨
                            .–å–µ–≤—Å–∫–∏–π - ‚àö–µ–æ–º–µ—Ç—Ä–∏—á–µ—Å–∫–∏–µ ...

You may provide a definition with
\DeclareUnicodeCharacter 


! Package inputenc Error: Unicode character ‚àö (U+221A)
(inputenc)                not set up for use with LaTeX.

See the inputenc package documentation for explanation.
Type  H <return>  for immediate help.
 ...                                              
                                                  
l.249 	\bibitem{link1} —õ.¬¨.–å–µ–≤—Å–∫–∏–π - ‚àö
                                                 –µ–æ–º–µ—Ç—Ä–∏—á–µ—Å–∫–∏–µ ...

You may provide a definition with
\DeclareUnicodeCharacter 


! Package inputenc Error: Unicode character ‚Ç¨ (U+20AC)
(inputenc)                not set up for use with LaTeX.

See the inputenc package documentation for explanation.
Type  H <return>  for immediate help.
 ...                                              
                                                  
l.249 ...∏–Ω–æ–º–∏–∞–ª—å–Ω–æ–π –∏–Ω—Ç–µ—Ä–ø–æ–ª‚Ç¨
                                                  —Ü–∏–∏. —è—Ä–æ—Å–ª–∞–≤–ª—å...

You may provide a definition with
\DeclareUnicodeCharacter 


! Package inputenc Error: Unicode character ‚Ç¨ (U+20AC)
(inputenc)                not set up for use with LaTeX.

See the inputenc package documentation for explanation.
Type  H <return>  for immediate help.
 ...                                              
                                                  
l.250 ...è–∑—ã–∫ –ø—Ä–æ–≥—Ä–∞–º–º–∏—Ä–æ–≤–∞–Ω–∏‚Ç¨
                                                   C$\#$ 5.0 –∏ –ø–ª–∞—Ç—Ñ–æ...

You may provide a definition with
\DeclareUnicodeCharacter 

Package babel Info: Redefining russian shorthand "|
(babel)             in language  on input line 254.
Package babel Info: Redefining russian shorthand "~
(babel)             in language  on input line 254.
Package babel Info: Redefining russian shorthand "|
(babel)             in language  on input line 254.
Package babel Info: Redefining russian shorthand "~
(babel)             in language  on input line 254.
[7pdfTeX warning (ext4): destination with the same identifier (name{cite.link1}
) has been already used, duplicate ignored

\AtBegShi@Output ...ipout \box \AtBeginShipoutBox 
                                                  \fi \fi 
l.254 \newpage
              ]
Package babel Info: Redefining russian shorthand "|
(babel)             in language  on input line 255.
Package babel Info: Redefining russian shorthand "~
(babel)             in language  on input line 255.
LaTeX Font Info:    Try loading font information for T2A+cmtt on input line 256
.

(/usr/local/texlive/2018/texmf-dist/tex/latex/cyrillic/t2acmtt.fd
File: t2acmtt.fd 2001/08/11 v1.0a Computer Modern Cyrillic font definitions
)

! Package inputenc Error: Unicode character ‚Ç¨ (U+20AC)
(inputenc)                not set up for use with LaTeX.

See the inputenc package documentation for explanation.
Type  H <return>  for immediate help.
 ...                                              
                                                  
l.368 \end{verbatim}
                    
You may provide a definition with
\DeclareUnicodeCharacter 

Package babel Info: Redefining russian shorthand "|
(babel)             in language  on input line 368.
Package babel Info: Redefining russian shorthand "~
(babel)             in language  on input line 368.
Package babel Info: Redefining russian shorthand "|
(babel)             in language  on input line 368.
Package babel Info: Redefining russian shorthand "~
(babel)             in language  on input line 368.
[8]

! Package inputenc Error: Unicode character ‚Ç¨ (U+20AC)
(inputenc)                not set up for use with LaTeX.

See the inputenc package documentation for explanation.
Type  H <return>  for immediate help.
 ...                                              
                                                  
l.368 \end{verbatim}
                    
You may provide a definition with
\DeclareUnicodeCharacter 


! Package inputenc Error: Unicode character ‚Ç¨ (U+20AC)
(inputenc)                not set up for use with LaTeX.

See the inputenc package documentation for explanation.
Type  H <return>  for immediate help.
 ...                                              
                                                  
l.368 \end{verbatim}
                    
You may provide a definition with
\DeclareUnicodeCharacter 


! Package inputenc Error: Unicode character ‚Ç¨ (U+20AC)
(inputenc)                not set up for use with LaTeX.

See the inputenc package documentation for explanation.
Type  H <return>  for immediate help.
 ...                                              
                                                  
l.368 \end{verbatim}
                    
You may provide a definition with
\DeclareUnicodeCharacter 

Package babel Info: Redefining russian shorthand "|
(babel)             in language  on input line 368.
Package babel Info: Redefining russian shorthand "~
(babel)             in language  on input line 368.
Package babel Info: Redefining russian shorthand "|
(babel)             in language  on input line 368.
Package babel Info: Redefining russian shorthand "~
(babel)             in language  on input line 368.
[9]

! Package inputenc Error: Unicode character ‚Ç¨ (U+20AC)
(inputenc)                not set up for use with LaTeX.

See the inputenc package documentation for explanation.
Type  H <return>  for immediate help.
 ...                                              
                                                  
l.368 \end{verbatim}
                    
You may provide a definition with
\DeclareUnicodeCharacter 


! Package inputenc Error: Unicode character ‚Ç¨ (U+20AC)
(inputenc)                not set up for use with LaTeX.

See the inputenc package documentation for explanation.
Type  H <return>  for immediate help.
 ...                                              
                                                  
l.544 \end{verbatim}
                    
You may provide a definition with
\DeclareUnicodeCharacter 

Package babel Info: Redefining russian shorthand "|
(babel)             in language  on input line 544.
Package babel Info: Redefining russian shorthand "~
(babel)             in language  on input line 544.
Package babel Info: Redefining russian shorthand "|
(babel)             in language  on input line 544.
Package babel Info: Redefining russian shorthand "~
(babel)             in language  on input line 544.
[10]

! Package inputenc Error: Unicode character ‚Ç¨ (U+20AC)
(inputenc)                not set up for use with LaTeX.

See the inputenc package documentation for explanation.
Type  H <return>  for immediate help.
 ...                                              
                                                  
l.544 \end{verbatim}
                    
You may provide a definition with
\DeclareUnicodeCharacter 


! Package inputenc Error: Unicode character ‚Ç¨ (U+20AC)
(inputenc)                not set up for use with LaTeX.

See the inputenc package documentation for explanation.
Type  H <return>  for immediate help.
 ...                                              
                                                  
l.544 \end{verbatim}
                    
You may provide a definition with
\DeclareUnicodeCharacter 


! Package inputenc Error: Unicode character ‚Ç¨ (U+20AC)
(inputenc)                not set up for use with LaTeX.

See the inputenc package documentation for explanation.
Type  H <return>  for immediate help.
 ...                                              
                                                  
l.544 \end{verbatim}
                    
You may provide a definition with
\DeclareUnicodeCharacter 


! Package inputenc Error: Unicode character ‚Ç¨ (U+20AC)
(inputenc)                not set up for use with LaTeX.

See the inputenc package documentation for explanation.
Type  H <return>  for immediate help.
 ...                                              
                                                  
l.544 \end{verbatim}
                    
You may provide a definition with
\DeclareUnicodeCharacter 

Package babel Info: Redefining russian shorthand "|
(babel)             in language  on input line 544.
Package babel Info: Redefining russian shorthand "~
(babel)             in language  on input line 544.
Package babel Info: Redefining russian shorthand "|
(babel)             in language  on input line 544.
Package babel Info: Redefining russian shorthand "~
(babel)             in language  on input line 544.
[11]
Package babel Info: Redefining russian shorthand "|
(babel)             in language  on input line 544.
Package babel Info: Redefining russian shorthand "~
(babel)             in language  on input line 544.
Package babel Info: Redefining russian shorthand "|
(babel)             in language  on input line 544.
Package babel Info: Redefining russian shorthand "~
(babel)             in language  on input line 544.
 [12]
Overfull \hbox (10.18253pt too wide) in paragraph at lines 544--544
[]                \T2A/cmtt/m/n/12 sim.RefreshMatrix(NextMatrix(sim.matrix.Arra
y, sim.matrix.Row));[] 
 []


Overfull \hbox (10.18253pt too wide) in paragraph at lines 544--544
[]                \T2A/cmtt/m/n/12 sim.RefreshMatrix(NextMatrix(sim.matrix.Arra
y, sim.matrix.Row));[] 
 []

Package babel Info: Redefining russian shorthand "|
(babel)             in language  on input line 831.
Package babel Info: Redefining russian shorthand "~
(babel)             in language  on input line 831.
Package babel Info: Redefining russian shorthand "|
(babel)             in language  on input line 831.
Package babel Info: Redefining russian shorthand "~
(babel)             in language  on input line 831.
[13]
Package babel Info: Redefining russian shorthand "|
(babel)             in language  on input line 831.
Package babel Info: Redefining russian shorthand "~
(babel)             in language  on input line 831.
Package babel Info: Redefining russian shorthand "|
(babel)             in language  on input line 831.
Package babel Info: Redefining russian shorthand "~
(babel)             in language  on input line 831.
 [14]
Package babel Info: Redefining russian shorthand "|
(babel)             in language  on input line 831.
Package babel Info: Redefining russian shorthand "~
(babel)             in language  on input line 831.
Package babel Info: Redefining russian shorthand "|
(babel)             in language  on input line 831.
Package babel Info: Redefining russian shorthand "~
(babel)             in language  on input line 831.
 [15]

! Package inputenc Error: Unicode character ‚Ç¨ (U+20AC)
(inputenc)                not set up for use with LaTeX.

See the inputenc package documentation for explanation.
Type  H <return>  for immediate help.
 ...                                              
                                                  
l.831 \end{verbatim}
                    
You may provide a definition with
\DeclareUnicodeCharacter 

Package babel Info: Redefining russian shorthand "|
(babel)             in language  on input line 831.
Package babel Info: Redefining russian shorthand "~
(babel)             in language  on input line 831.
Package babel Info: Redefining russian shorthand "|
(babel)             in language  on input line 831.
Package babel Info: Redefining russian shorthand "~
(babel)             in language  on input line 831.
[16]
Package babel Info: Redefining russian shorthand "|
(babel)             in language  on input line 831.
Package babel Info: Redefining russian shorthand "~
(babel)             in language  on input line 831.
Package babel Info: Redefining russian shorthand "|
(babel)             in language  on input line 831.
Package babel Info: Redefining russian shorthand "~
(babel)             in language  on input line 831.
 [17]

! Package inputenc Error: Unicode character ¬¨ (U+AC)
(inputenc)                not set up for use with LaTeX.

See the inputenc package documentation for explanation.
Type  H <return>  for immediate help.
 ...                                              
                                                  
l.831 \end{verbatim}
                    
You may provide a definition with
\DeclareUnicodeCharacter 

Package babel Info: Redefining russian shorthand "|
(babel)             in language  on input line 831.
Package babel Info: Redefining russian shorthand "~
(babel)             in language  on input line 831.
Package babel Info: Redefining russian shorthand "|
(babel)             in language  on input line 831.
Package babel Info: Redefining russian shorthand "~
(babel)             in language  on input line 831.
[18]

Package caption Warning: Unused \captionsetup[lstlisting] on input line 18.
See the caption package documentation for explanation.

Package atveryend Info: Empty hook `BeforeClearDocument' on input line 832.
Package babel Info: Redefining russian shorthand "|
(babel)             in language  on input line 832.
Package babel Info: Redefining russian shorthand "~
(babel)             in language  on input line 832.
Package babel Info: Redefining russian shorthand "|
(babel)             in language  on input line 832.
Package babel Info: Redefining russian shorthand "~
(babel)             in language  on input line 832.
[19]
Package atveryend Info: Empty hook `AfterLastShipout' on input line 832.
 (./–¥–∏–ø–ª–æ–º_—à–∞–±–ª–æ–Ω.aux)
Package atveryend Info: Executing hook `AtVeryEndDocument' on input line 832.
Package atveryend Info: Executing hook `AtEndAfterFileList' on input line 832.
Package rerunfilecheck Info: File `–¥–∏–ø–ª–æ–º_—à–∞–±–ª–æ–Ω.out' has not chang
ed.
(rerunfilecheck)             Checksum: C8A07D2ACD357631B8E431166C2E2F58;961.


LaTeX Warning: There were multiply-defined labels.

Package atveryend Info: Empty hook `AtVeryVeryEnd' on input line 832.
 ) 
Here is how much of TeX's memory you used:
 13400 strings out of 492649
 188489 string characters out of 6129622
 277179 words of memory out of 5000000
 17073 multiletter control sequences out of 15000+600000
 28107 words of font info for 82 fonts, out of 8000000 for 9000
 1141 hyphenation exceptions out of 8191
 36i,12n,38p,1046b,466s stack positions out of 5000i,500n,10000p,200000b,80000s
{/usr/local/texlive/2018/texmf-dist/fonts/enc/dvips/cm-super/cm-super-t2a.enc
}</usr/local/texlive/2018/texmf-dist/fonts/type1/public/amsfonts/cm/cmex10.pfb>
</usr/local/texlive/2018/texmf-dist/fonts/type1/public/amsfonts/cm/cmmi12.pfb><
/usr/local/texlive/2018/texmf-dist/fonts/type1/public/amsfonts/cm/cmmi6.pfb></u
sr/local/texlive/2018/texmf-dist/fonts/type1/public/amsfonts/cm/cmmi8.pfb></usr
/local/texlive/2018/texmf-dist/fonts/type1/public/amsfonts/cm/cmr12.pfb></usr/l
ocal/texlive/2018/texmf-dist/fonts/type1/public/amsfonts/cm/cmr17.pfb></usr/loc
al/texlive/2018/texmf-dist/fonts/type1/public/amsfonts/cm/cmr8.pfb></usr/local/
texlive/2018/texmf-dist/fonts/type1/public/amsfonts/cm/cmsy10.pfb></usr/local/t
exlive/2018/texmf-dist/fonts/type1/public/amsfonts/cm/cmsy8.pfb></usr/local/tex
live/2018/texmf-dist/fonts/type1/public/amsfonts/symbols/msam10.pfb></usr/local
/texlive/2018/texmf-dist/fonts/type1/public/cm-super/sfbx1200.pfb></usr/local/t
exlive/2018/texmf-dist/fonts/type1/public/cm-super/sfbx1440.pfb></usr/local/tex
live/2018/texmf-dist/fonts/type1/public/cm-super/sfbx1728.pfb></usr/local/texli
ve/2018/texmf-dist/fonts/type1/public/cm-super/sfrm1095.pfb></usr/local/texlive
/2018/texmf-dist/fonts/type1/public/cm-super/sfrm1200.pfb></usr/local/texlive/2
018/texmf-dist/fonts/type1/public/cm-super/sfrm1440.pfb></usr/local/texlive/201
8/texmf-dist/fonts/type1/public/cm-super/sfti1200.pfb></usr/local/texlive/2018/
texmf-dist/fonts/type1/public/cm-super/sftt1200.pfb>
Output written on –¥–∏–ø–ª–æ–º_—à–∞–±–ª–æ–Ω.pdf (20 pages, 300693 bytes).
PDF statistics:
 251 PDF objects out of 1000 (max. 8388607)
 208 compressed objects within 3 object streams
 59 named destinations out of 1000 (max. 500000)
 49 words of extra memory for PDF output out of 10000 (max. 10000000)

